This is pdfTeX, Version 3.14159265-2.6-1.40.17 (TeX Live 2016/Debian) (preloaded format=latex 2016.8.29)  2 NOV 2016 10:45
entering extended mode
 restricted \write18 enabled.
 %&-line parsing enabled.
**paper2.tex
(./paper2.tex
LaTeX2e <2016/03/31> patch level 3
Babel <3.9r> and hyphenation patterns for 83 language(s) loaded.
(/usr/share/texlive/texmf-dist/tex/latex/revtex/revtex4-1.cls
Document Class: revtex4-1 2010/07/25/20:33:00 4.1r (http://publish.aps.org/revt
ex4/ for documentation)
 Copyright (c) 2009 The American Physical Society.
 mailto:revtex@aps.org
 Licensed under the LPPL:
http://www.ctan.org/tex-archive/macros/latex/base/lppl.txt
 Arthur Ogawa <arthur_ogawa at sbcglobal dot net>
 Based on work by David Carlisle <david at dcarlisle.demon.co.uk>.
ltxutil[2010/07/25/20:33:00 4.1r utilities package (portions licensed from W. E
. Baxter web at superscript.com)]
LaTeX Info: Redefining \@centercr on input line 308.
Class revtex4-1 Info: Repairing broken LaTeX eqnarray on input line 358.
\eqncolsep=\skip41
Class revtex4-1 Info: Repairing hyperref-unfriendly LaTeX definition of \mpfoot
note on input line 433.
Class revtex4-1 Info: Repairing broken LateX \@sect on input line 755.
\intertabularlinepenalty=\count79
\@tbpen=\count80
\@arstrutbox@hline=\box26
Class revtex4-1 Info: Repairing broken LaTeX \@xbitor on input line 1786.
Class revtex4-1 Info: Making \typeout \long on input line 2046.
ltxfront[2010/07/25/20:33:00 4.1r frontmatter package (AO,DPC)]
\c@affil=\count81
\c@collab=\count82
\absbox=\box27
ltxgrid[2010/07/25/20:33:00 4.1r page grid package (portions licensed from W. E
. Baxter web at superscript.com)]
\c@linecount=\count83
\output@latex=\toks14
\box@size@1=\box28
\box@size@2=\box29
\@protection@box=\box30
\@topmark@saved=\toks15
\footins@saved=\box31
\footins@recovered=\box32
\column@recovered=\box33
\pagesofar=\box34
\footsofar=\box35
\pagegrid@col=\count84
Class revtex4-1 Info: Overriding \@vspace, \@vspacer, \@no@pgbk, \@newline, and
 \\  on input line 5578.
\c@part=\count85
\c@section=\count86
\c@subsection=\count87
\c@subsubsection=\count88
\c@paragraph=\count89
\c@subparagraph=\count90
\abovecaptionskip=\skip42
\belowcaptionskip=\skip43
\c@figure=\count91
\fbox@1=\box36
\c@table=\count92
\fbox@2=\box37
\c@video=\count93
\fbox@4=\box38
\@bibdataout=\write3
\widetext@top=\box39
\widetext@bot=\box40
Class revtex4-1 Info: Selecting society aip on input line 7542.
(/usr/share/texlive/texmf-dist/tex/latex/revtex/aip4-1.rtx
File: aip4-1.rtx 2010/07/25 4.1r AIP substyle for REVTeX
Class revtex4-1 Info: RevTeX society AIP selected on input line 67.
)
Class revtex4-1 Info: Selecting journal pop on input line 7544.

Using journal substyle pop.
Class revtex4-1 Info: Reading file aps10pt4-1.rtx on input line 7547.
(/usr/share/texlive/texmf-dist/tex/latex/revtex/aps10pt4-1.rtx
File: aps10pt4-1 2010/07/25/20:33:00 4.1r (http://publish.aps.org/revtex4/ for 
documentation)
Class revtex4-1 Info: RevTeX pointsize 10pt selected on input line 30.
)
Class revtex4-1 Info: Overriding 10pt on input line 7547.

(/usr/share/texlive/texmf-dist/tex/latex/textcase/textcase.sty
Package: textcase 2004/10/07 v0.07 Text only upper/lower case changing (DPC)
)
(/usr/share/texlive/texmf-dist/tex/latex/amsfonts/amssymb.sty
Package: amssymb 2013/01/14 v3.01 AMS font symbols

(/usr/share/texlive/texmf-dist/tex/latex/amsfonts/amsfonts.sty
Package: amsfonts 2013/01/14 v3.01 Basic AMSFonts support
\@emptytoks=\toks16
\symAMSa=\mathgroup4
\symAMSb=\mathgroup5
LaTeX Font Info:    Overwriting math alphabet `\mathfrak' in version `bold'
(Font)                  U/euf/m/n --> U/euf/b/n on input line 106.
))
(/usr/share/texlive/texmf-dist/tex/latex/amsmath/amsmath.sty
Package: amsmath 2016/06/28 v2.15d AMS math features
\@mathmargin=\skip44

For additional information on amsmath, use the `?' option.
(/usr/share/texlive/texmf-dist/tex/latex/amsmath/amstext.sty
Package: amstext 2000/06/29 v2.01 AMS text

(/usr/share/texlive/texmf-dist/tex/latex/amsmath/amsgen.sty
File: amsgen.sty 1999/11/30 v2.0 generic functions
\@emptytoks=\toks17
\ex@=\dimen102
)
LaTeX Info: Redefining \text on input line 28.
)
(/usr/share/texlive/texmf-dist/tex/latex/amsmath/amsbsy.sty
Package: amsbsy 1999/11/29 v1.2d Bold Symbols
\pmbraise@=\dimen103
)
(/usr/share/texlive/texmf-dist/tex/latex/amsmath/amsopn.sty
Package: amsopn 2016/03/08 v2.02 operator names
)
\inf@bad=\count94
LaTeX Info: Redefining \frac on input line 199.
\uproot@=\count95
\leftroot@=\count96
LaTeX Info: Redefining \overline on input line 297.
\classnum@=\count97
\DOTSCASE@=\count98
LaTeX Info: Redefining \ldots on input line 394.
LaTeX Info: Redefining \dots on input line 397.
LaTeX Info: Redefining \cdots on input line 518.
\Mathstrutbox@=\box41
\strutbox@=\box42
\big@size=\dimen104
LaTeX Font Info:    Redeclaring font encoding OML on input line 634.
LaTeX Font Info:    Redeclaring font encoding OMS on input line 635.
\macc@depth=\count99
\c@MaxMatrixCols=\count100
\dotsspace@=\muskip10
\c@parentequation=\count101
\dspbrk@lvl=\count102
\tag@help=\toks18
\row@=\count103
\column@=\count104
\maxfields@=\count105
\andhelp@=\toks19
\eqnshift@=\dimen105
\alignsep@=\dimen106
\tagshift@=\dimen107
\tagwidth@=\dimen108
\totwidth@=\dimen109
\lineht@=\dimen110
\@envbody=\toks20
\multlinegap=\skip45
\multlinetaggap=\skip46
\mathdisplay@stack=\toks21
LaTeX Info: Redefining \[ on input line 2739.
LaTeX Info: Redefining \] on input line 2740.
)
(/usr/share/texlive/texmf-dist/tex/latex/url/url.sty
\Urlmuskip=\muskip11
Package: url 2013/09/16  ver 3.4  Verb mode for urls, etc.
)
(/usr/share/texlive/texmf-dist/tex/latex/natbib/natbib.sty
Package: natbib 2010/09/13 8.31b (PWD, AO)
\bibhang=\skip47
\bibsep=\skip48
LaTeX Info: Redefining \cite on input line 694.
\c@NAT@ctr=\count106
)
Class revtex4-1 Info: Repairing natbib's \BibitemShut on input line 7549.

(/usr/share/texlive/texmf-dist/tex/latex/revtex/revsymb4-1.sty
Package: revsymb4-1 2010/07/25/20:33:00 4.1r (http://publish.aps.org/revtex4/ f
or documentation)
LaTeX Info: Redefining \frak on input line 95.
LaTeX Info: Redefining \Bbb on input line 111.
LaTeX Info: Redefining \REV@mathfrak on input line 119.
))
(/usr/share/texlive/texmf-dist/tex/latex/graphics/graphicx.sty
Package: graphicx 2014/10/28 v1.0g Enhanced LaTeX Graphics (DPC,SPQR)

(/usr/share/texlive/texmf-dist/tex/latex/graphics/keyval.sty
Package: keyval 2014/10/28 v1.15 key=value parser (DPC)
\KV@toks@=\toks22
)
(/usr/share/texlive/texmf-dist/tex/latex/graphics/graphics.sty
Package: graphics 2016/07/10 v1.0t Standard LaTeX Graphics (DPC,SPQR)

(/usr/share/texlive/texmf-dist/tex/latex/graphics/trig.sty
Package: trig 2016/01/03 v1.10 sin cos tan (DPC)
)
(/usr/share/texlive/texmf-dist/tex/latex/graphics-cfg/graphics.cfg
File: graphics.cfg 2016/06/04 v1.11 sample graphics configuration
)
Package graphics Info: Driver file: pdftex.def on input line 99.

(/usr/share/texlive/texmf-dist/tex/latex/graphics-def/pdftex.def
File: pdftex.def 2016/07/10 v0.06j Graphics/color for pdfTeX

(/usr/share/texlive/texmf-dist/tex/generic/oberdiek/infwarerr.sty
Package: infwarerr 2016/05/16 v1.4 Providing info/warning/error messages (HO)
)
(/usr/share/texlive/texmf-dist/tex/generic/oberdiek/ltxcmds.sty
Package: ltxcmds 2016/05/16 v1.23 LaTeX kernel commands for general use (HO)
)
\Gread@gobject=\count107
))
\Gin@req@height=\dimen111
\Gin@req@width=\dimen112
)
(/usr/share/texlive/texmf-dist/tex/latex/subfigure/subfigure.sty
Package: subfigure 2002/03/15 v2.1.5 subfigure package
\subfigtopskip=\skip49
\subfigcapskip=\skip50
\subfigcaptopadj=\dimen113
\subfigbottomskip=\skip51
\subfigcapmargin=\dimen114
\subfiglabelskip=\skip52
\c@subfigure=\count108
\c@lofdepth=\count109
\c@subtable=\count110
\c@lotdepth=\count111

****************************************
* Local config file subfigure.cfg used *
****************************************
(/usr/share/texlive/texmf-dist/tex/latex/subfigure/subfigure.cfg)
\subfig@top=\skip53
\subfig@bottom=\skip54
)
Class revtex4-1 Info: Patching LaTeX tabular. on input line 17.
Class revtex4-1 Info: Robustifying \LaTeX's \boldmath command on input line 17.

Class revtex4-1 Info: cite was not loaded (OK!) on input line 17.
Class revtex4-1 Info: mcite was not loaded (OK!) on input line 17.
Class revtex4-1 Info: multicol was not loaded (OK!) on input line 17.

(./paper2.aux)
\openout1 = `paper2.aux'.

LaTeX Font Info:    Checking defaults for OML/cmm/m/it on input line 17.
LaTeX Font Info:    ... okay on input line 17.
LaTeX Font Info:    Checking defaults for T1/cmr/m/n on input line 17.
LaTeX Font Info:    ... okay on input line 17.
LaTeX Font Info:    Checking defaults for OT1/cmr/m/n on input line 17.
LaTeX Font Info:    ... okay on input line 17.
LaTeX Font Info:    Checking defaults for OMS/cmsy/m/n on input line 17.
LaTeX Font Info:    ... okay on input line 17.
LaTeX Font Info:    Checking defaults for OMX/cmex/m/n on input line 17.
LaTeX Font Info:    ... okay on input line 17.
LaTeX Font Info:    Checking defaults for U/cmr/m/n on input line 17.
LaTeX Font Info:    ... okay on input line 17.

(/usr/share/texlive/texmf-dist/tex/context/base/mkii/supp-pdf.mkii
[Loading MPS to PDF converter (version 2006.09.02).]
\scratchcounter=\count112
\scratchdimen=\dimen115
\scratchbox=\box43
\nofMPsegments=\count113
\nofMParguments=\count114
\everyMPshowfont=\toks23
\MPscratchCnt=\count115
\MPscratchDim=\dimen116
\MPnumerator=\count116
\makeMPintoPDFobject=\count117
\everyMPtoPDFconversion=\toks24
) (/usr/share/texlive/texmf-dist/tex/generic/oberdiek/pdftexcmds.sty
Package: pdftexcmds 2016/05/21 v0.22 Utility functions of pdfTeX for LuaTeX (HO
)

(/usr/share/texlive/texmf-dist/tex/generic/oberdiek/ifluatex.sty
Package: ifluatex 2016/05/16 v1.4 Provides the ifluatex switch (HO)
Package ifluatex Info: LuaTeX not detected.
)
(/usr/share/texlive/texmf-dist/tex/generic/oberdiek/ifpdf.sty
Package: ifpdf 2016/05/14 v3.1 Provides the ifpdf switch
)
Package pdftexcmds Info: LuaTeX not detected.
Package pdftexcmds Info: \pdf@primitive is available.
Package pdftexcmds Info: \pdf@ifprimitive is available.
Package pdftexcmds Info: \pdfdraftmode found.
)
(/usr/share/texlive/texmf-dist/tex/latex/oberdiek/epstopdf-base.sty
Package: epstopdf-base 2016/05/15 v2.6 Base part for package epstopdf

(/usr/share/texlive/texmf-dist/tex/latex/oberdiek/grfext.sty
Package: grfext 2016/05/16 v1.2 Manage graphics extensions (HO)

(/usr/share/texlive/texmf-dist/tex/generic/oberdiek/kvdefinekeys.sty
Package: kvdefinekeys 2016/05/16 v1.4 Define keys (HO)
))
(/usr/share/texlive/texmf-dist/tex/latex/oberdiek/kvoptions.sty
Package: kvoptions 2016/05/16 v3.12 Key value format for package options (HO)

(/usr/share/texlive/texmf-dist/tex/generic/oberdiek/kvsetkeys.sty
Package: kvsetkeys 2016/05/16 v1.17 Key value parser (HO)

(/usr/share/texlive/texmf-dist/tex/generic/oberdiek/etexcmds.sty
Package: etexcmds 2016/05/16 v1.6 Avoid name clashes with e-TeX commands (HO)
Package etexcmds Info: Could not find \expanded.
(etexcmds)             That can mean that you are not using pdfTeX 1.50 or
(etexcmds)             that some package has redefined \expanded.
(etexcmds)             In the latter case, load this package earlier.
)))
Package epstopdf-base Info: Redefining graphics rule for `.eps' on input line 4
38.
Package grfext Info: Graphics extension search list:
(grfext)             [.png,.pdf,.jpg,.mps,.jpeg,.jbig2,.jb2,.PNG,.PDF,.JPG,.JPE
G,.JBIG2,.JB2,.eps]
(grfext)             \AppendGraphicsExtensions on input line 456.

(/usr/share/texlive/texmf-dist/tex/latex/latexconfig/epstopdf-sys.cfg
File: epstopdf-sys.cfg 2010/07/13 v1.3 Configuration of (r)epstopdf for TeX Liv
e
))
\openout3 = `paper2Notes.bib'.

LaTeX Font Info:    Try loading font information for U+msa on input line 66.

(/usr/share/texlive/texmf-dist/tex/latex/amsfonts/umsa.fd
File: umsa.fd 2013/01/14 v3.01 AMS symbols A
)
LaTeX Font Info:    Try loading font information for U+msb on input line 66.

(/usr/share/texlive/texmf-dist/tex/latex/amsfonts/umsb.fd
File: umsb.fd 2013/01/14 v3.01 AMS symbols B
) [1{/var/lib/texmf/fonts/map/pdftex/updmap/pdftex.map}]
Underfull \hbox (badness 1515) in paragraph at lines 203--214
\OT1/cmr/m/n/10 scale $\OMS/cmsy/m/n/10 ^^X \OT1/cmr/m/n/10 1\OML/cmm/m/it/10 =
k$\OT1/cmr/m/n/10 , which may be ex-pressed as $\OML/cmm/m/it/10 ^^\[] \OT1/cmr
/m/n/10 =
 []

[2]
Underfull \hbox (badness 7907) in paragraph at lines 311--313
[]\OT1/cmr/m/n/10 The ax-isym-met-ric en-ergy spec-trum $\OML/cmm/m/it/10 e\OT1
/cmr/m/n/10 (\OMS/cmsy/m/n/10 j[]j \OT1/cmr/m/n/10 =
 []

<./figs/fig1_E-eps-converted-to.pdf, id=25, 867.24pt x 650.43pt>
File: ./figs/fig1_E-eps-converted-to.pdf Graphic file (type pdf)

<use ./figs/fig1_E-eps-converted-to.pdf>
Package pdftex.def Info: ./figs/fig1_E-eps-converted-to.pdf used on input line 
351.
(pdftex.def)             Requested size: 246.0pt x 184.49117pt.
 [3 <./figs/fig1_E-eps-converted-to.pdf>] <./figs/fig2_B0.pdf, id=75, 867.24pt 
x 650.43pt>
File: ./figs/fig2_B0.pdf Graphic file (type pdf)
 <use ./figs/fig2_B0.pdf>
Package pdftex.def Info: ./figs/fig2_B0.pdf used on input line 429.
(pdftex.def)             Requested size: 244.79782pt x 183.59795pt.

<./figs/fig2_B1.pdf, id=76, 867.24pt x 650.43pt>
File: ./figs/fig2_B1.pdf Graphic file (type pdf)
 <use ./figs/fig2_B1.pdf>
Package pdftex.def Info: ./figs/fig2_B1.pdf used on input line 430.
(pdftex.def)             Requested size: 244.79782pt x 183.59795pt.

<./figs/fig2_B4.pdf, id=77, 867.24pt x 650.43pt>
File: ./figs/fig2_B4.pdf Graphic file (type pdf)
 <use ./figs/fig2_B4.pdf>
Package pdftex.def Info: ./figs/fig2_B4.pdf used on input line 432.
(pdftex.def)             Requested size: 244.79782pt x 183.59795pt.

<./figs/fig2_B4_log.pdf, id=78, 867.24pt x 650.43pt>
File: ./figs/fig2_B4_log.pdf Graphic file (type pdf)

<use ./figs/fig2_B4_log.pdf>
Package pdftex.def Info: ./figs/fig2_B4_log.pdf used on input line 433.
(pdftex.def)             Requested size: 244.79782pt x 183.59795pt.
 <./figs/fig2_B8.pdf, id=79, 867.24pt x 650.43pt>
File: ./figs/fig2_B8.pdf Graphic file (type pdf)

<use ./figs/fig2_B8.pdf>
Package pdftex.def Info: ./figs/fig2_B8.pdf used on input line 436.
(pdftex.def)             Requested size: 244.79782pt x 183.59795pt.
 <./figs/fig2_B8_log.pdf, id=80, 867.24pt x 650.43pt>
File: ./figs/fig2_B8_log.pdf Graphic file (type pdf)

<use ./figs/fig2_B8_log.pdf>
Package pdftex.def Info: ./figs/fig2_B8_log.pdf used on input line 437.
(pdftex.def)             Requested size: 244.79782pt x 183.59795pt.


LaTeX Warning: Float too large for page by 15.54384pt on input line 451.

<./figs/fig3_B025_Etot-eps-converted-to.pdf, id=81, 867.24pt x 650.43pt>
File: ./figs/fig3_B025_Etot-eps-converted-to.pdf Graphic file (type pdf)

<use ./figs/fig3_B025_Etot-eps-converted-to.pdf>
Package pdftex.def Info: ./figs/fig3_B025_Etot-eps-converted-to.pdf used on inp
ut line 503.
(pdftex.def)             Requested size: 246.0pt x 184.49117pt.

<./figs/fig3_B1_Etot-eps-converted-to.pdf, id=82, 867.24pt x 650.43pt>
File: ./figs/fig3_B1_Etot-eps-converted-to.pdf Graphic file (type pdf)

<use ./figs/fig3_B1_Etot-eps-converted-to.pdf>
Package pdftex.def Info: ./figs/fig3_B1_Etot-eps-converted-to.pdf used on input
 line 525.
(pdftex.def)             Requested size: 246.0pt x 184.49117pt.

<./figs/fig3_B8_Etot-eps-converted-to.pdf, id=83, 867.24pt x 650.43pt>
File: ./figs/fig3_B8_Etot-eps-converted-to.pdf Graphic file (type pdf)

<use ./figs/fig3_B8_Etot-eps-converted-to.pdf>
Package pdftex.def Info: ./figs/fig3_B8_Etot-eps-converted-to.pdf used on input
 line 538.
(pdftex.def)             Requested size: 246.0pt x 184.49117pt.

<./figs/fig4_B1_b_kperp-eps-converted-to.pdf, id=84, 867.24pt x 650.43pt>
File: ./figs/fig4_B1_b_kperp-eps-converted-to.pdf Graphic file (type pdf)

<use ./figs/fig4_B1_b_kperp-eps-converted-to.pdf>
Package pdftex.def Info: ./figs/fig4_B1_b_kperp-eps-converted-to.pdf used on in
put line 555.
(pdftex.def)             Requested size: 246.0pt x 184.49117pt.

<./figs/fig4_B1_b_kpara-eps-converted-to.pdf, id=85, 867.24pt x 650.43pt>
File: ./figs/fig4_B1_b_kpara-eps-converted-to.pdf Graphic file (type pdf)

<use ./figs/fig4_B1_b_kpara-eps-converted-to.pdf>
Package pdftex.def Info: ./figs/fig4_B1_b_kpara-eps-converted-to.pdf used on in
put line 557.
(pdftex.def)             Requested size: 246.0pt x 184.49117pt.
 [4] [5 <./figs/fig2_B0.pdf> <./figs/fig2_B1.pdf

pdfTeX warning: latex (file ./figs/fig2_B1.pdf): PDF inclusion: multiple pdfs w
ith page group included in a single page
> <./figs/fig2_B4.pdf

pdfTeX warning: latex (file ./figs/fig2_B4.pdf): PDF inclusion: multiple pdfs w
ith page group included in a single page
> <./figs/fig2_B4_log.pdf

pdfTeX warning: latex (file ./figs/fig2_B4_log.pdf): PDF inclusion: multiple pd
fs with page group included in a single page
> <./figs/fig2_B8.pdf

pdfTeX warning: latex (file ./figs/fig2_B8.pdf): PDF inclusion: multiple pdfs w
ith page group included in a single page
> <./figs/fig2_B8_log.pdf

pdfTeX warning: latex (file ./figs/fig2_B8_log.pdf): PDF inclusion: multiple pd
fs with page group included in a single page
>]

LaTeX Warning: A float is stuck (cannot be placed) on input line 600.


LaTeX Warning: A float is stuck (cannot be placed) on input line 600.


Class revtex4-1 Warning: Deferred float stuck during \clearpage processing.

<./figs/fig5_B0_b-eps-converted-to.pdf, id=398, 867.24pt x 650.43pt>
File: ./figs/fig5_B0_b-eps-converted-to.pdf Graphic file (type pdf)

<use ./figs/fig5_B0_b-eps-converted-to.pdf>
Package pdftex.def Info: ./figs/fig5_B0_b-eps-converted-to.pdf used on input li
ne 602.
(pdftex.def)             Requested size: 246.0pt x 184.49117pt.


LaTeX Warning: Reference `fig:B1_bvf_b_kpara' on page 6 undefined on input line
 645.

[6 <./figs/fig3_B025_Etot-eps-converted-to.pdf> <./figs/fig3_B1_Etot-eps-conver
ted-to.pdf> <./figs/fig3_B8_Etot-eps-converted-to.pdf>]

LaTeX Warning: A float is stuck (cannot be placed) on input line 650.


LaTeX Warning: A float is stuck (cannot be placed) on input line 650.


Class revtex4-1 Warning: Deferred float stuck during \clearpage processing.


<./figs/fig5_B025_b_kperp_0-eps-converted-to.pdf, id=512, 867.24pt x 650.43pt>
File: ./figs/fig5_B025_b_kperp_0-eps-converted-to.pdf Graphic file (type pdf)

<use ./figs/fig5_B025_b_kperp_0-eps-converted-to.pdf>
Package pdftex.def Info: ./figs/fig5_B025_b_kperp_0-eps-converted-to.pdf used o
n input line 653.
(pdftex.def)             Requested size: 246.0pt x 184.49117pt.

<./figs/fig5_B025_b_kperp_10-eps-converted-to.pdf, id=513, 867.24pt x 650.43pt>
File: ./figs/fig5_B025_b_kperp_10-eps-converted-to.pdf Graphic file (type pdf)
<use ./figs/fig5_B025_b_kperp_10-eps-converted-to.pdf>
Package pdftex.def Info: ./figs/fig5_B025_b_kperp_10-eps-converted-to.pdf used 
on input line 655.
(pdftex.def)             Requested size: 246.0pt x 184.49117pt.

<./figs/fig5_B025_b_kperp_20-eps-converted-to.pdf, id=514, 867.24pt x 650.43pt>
File: ./figs/fig5_B025_b_kperp_20-eps-converted-to.pdf Graphic file (type pdf)
<use ./figs/fig5_B025_b_kperp_20-eps-converted-to.pdf>
Package pdftex.def Info: ./figs/fig5_B025_b_kperp_20-eps-converted-to.pdf used 
on input line 657.
(pdftex.def)             Requested size: 246.0pt x 184.49117pt.


LaTeX Warning: Float too large for page by 28.2235pt on input line 667.


<./figs/fig5_B025_b_kpara_0-eps-converted-to.pdf, id=515, 867.24pt x 650.43pt>
File: ./figs/fig5_B025_b_kpara_0-eps-converted-to.pdf Graphic file (type pdf)

<use ./figs/fig5_B025_b_kpara_0-eps-converted-to.pdf>
Package pdftex.def Info: ./figs/fig5_B025_b_kpara_0-eps-converted-to.pdf used o
n input line 671.
(pdftex.def)             Requested size: 246.0pt x 184.49117pt.

<./figs/fig5_B025_b_kpara_10-eps-converted-to.pdf, id=516, 867.24pt x 650.43pt>
File: ./figs/fig5_B025_b_kpara_10-eps-converted-to.pdf Graphic file (type pdf)
<use ./figs/fig5_B025_b_kpara_10-eps-converted-to.pdf>
Package pdftex.def Info: ./figs/fig5_B025_b_kpara_10-eps-converted-to.pdf used 
on input line 673.
(pdftex.def)             Requested size: 246.0pt x 184.49117pt.

<./figs/fig5_B025_b_kpara_20-eps-converted-to.pdf, id=517, 867.24pt x 650.43pt>
File: ./figs/fig5_B025_b_kpara_20-eps-converted-to.pdf Graphic file (type pdf)
<use ./figs/fig5_B025_b_kpara_20-eps-converted-to.pdf>
Package pdftex.def Info: ./figs/fig5_B025_b_kpara_20-eps-converted-to.pdf used 
on input line 675.
(pdftex.def)             Requested size: 246.0pt x 184.49117pt.


LaTeX Warning: Float too large for page by 12.70683pt on input line 684.

<./figs/fig5_B1_b_kperp_0-eps-converted-to.pdf, id=518, 867.24pt x 650.43pt>
File: ./figs/fig5_B1_b_kperp_0-eps-converted-to.pdf Graphic file (type pdf)

<use ./figs/fig5_B1_b_kperp_0-eps-converted-to.pdf>
Package pdftex.def Info: ./figs/fig5_B1_b_kperp_0-eps-converted-to.pdf used on 
input line 688.
(pdftex.def)             Requested size: 246.0pt x 184.49117pt.

<./figs/fig5_B1_b_kperp_10-eps-converted-to.pdf, id=519, 867.24pt x 650.43pt>
File: ./figs/fig5_B1_b_kperp_10-eps-converted-to.pdf Graphic file (type pdf)

<use ./figs/fig5_B1_b_kperp_10-eps-converted-to.pdf>
Package pdftex.def Info: ./figs/fig5_B1_b_kperp_10-eps-converted-to.pdf used on
 input line 690.
(pdftex.def)             Requested size: 246.0pt x 184.49117pt.

<./figs/fig5_B1_b_kperp_20-eps-converted-to.pdf, id=520, 867.24pt x 650.43pt>
File: ./figs/fig5_B1_b_kperp_20-eps-converted-to.pdf Graphic file (type pdf)

<use ./figs/fig5_B1_b_kperp_20-eps-converted-to.pdf>
Package pdftex.def Info: ./figs/fig5_B1_b_kperp_20-eps-converted-to.pdf used on
 input line 692.
(pdftex.def)             Requested size: 246.0pt x 184.49117pt.


LaTeX Warning: Float too large for page by 7.2235pt on input line 699.

<./figs/fig5_B1_b_kpara_0-eps-converted-to.pdf, id=521, 867.24pt x 650.43pt>
File: ./figs/fig5_B1_b_kpara_0-eps-converted-to.pdf Graphic file (type pdf)

<use ./figs/fig5_B1_b_kpara_0-eps-converted-to.pdf>
Package pdftex.def Info: ./figs/fig5_B1_b_kpara_0-eps-converted-to.pdf used on 
input line 703.
(pdftex.def)             Requested size: 246.0pt x 184.49117pt.

<./figs/fig5_B1_b_kpara_10-eps-converted-to.pdf, id=522, 867.24pt x 650.43pt>
File: ./figs/fig5_B1_b_kpara_10-eps-converted-to.pdf Graphic file (type pdf)

<use ./figs/fig5_B1_b_kpara_10-eps-converted-to.pdf>
Package pdftex.def Info: ./figs/fig5_B1_b_kpara_10-eps-converted-to.pdf used on
 input line 705.
(pdftex.def)             Requested size: 246.0pt x 184.49117pt.

<./figs/fig5_B1_b_kpara_20-eps-converted-to.pdf, id=523, 867.24pt x 650.43pt>
File: ./figs/fig5_B1_b_kpara_20-eps-converted-to.pdf Graphic file (type pdf)

<use ./figs/fig5_B1_b_kpara_20-eps-converted-to.pdf>
Package pdftex.def Info: ./figs/fig5_B1_b_kpara_20-eps-converted-to.pdf used on
 input line 707.
(pdftex.def)             Requested size: 246.0pt x 184.49117pt.


LaTeX Warning: Float too large for page by 10.95683pt on input line 714.

<./figs/fig5_B8_b_kperp_0-eps-converted-to.pdf, id=524, 867.24pt x 650.43pt>
File: ./figs/fig5_B8_b_kperp_0-eps-converted-to.pdf Graphic file (type pdf)

<use ./figs/fig5_B8_b_kperp_0-eps-converted-to.pdf>
Package pdftex.def Info: ./figs/fig5_B8_b_kperp_0-eps-converted-to.pdf used on 
input line 740.
(pdftex.def)             Requested size: 246.0pt x 184.49117pt.

<./figs/fig5_B8_b_kperp_10-eps-converted-to.pdf, id=525, 867.24pt x 650.43pt>
File: ./figs/fig5_B8_b_kperp_10-eps-converted-to.pdf Graphic file (type pdf)

<use ./figs/fig5_B8_b_kperp_10-eps-converted-to.pdf>
Package pdftex.def Info: ./figs/fig5_B8_b_kperp_10-eps-converted-to.pdf used on
 input line 742.
(pdftex.def)             Requested size: 246.0pt x 184.49117pt.

<./figs/fig5_B8_b_kperp_20-eps-converted-to.pdf, id=526, 867.24pt x 650.43pt>
File: ./figs/fig5_B8_b_kperp_20-eps-converted-to.pdf Graphic file (type pdf)

<use ./figs/fig5_B8_b_kperp_20-eps-converted-to.pdf>
Package pdftex.def Info: ./figs/fig5_B8_b_kperp_20-eps-converted-to.pdf used on
 input line 744.
(pdftex.def)             Requested size: 246.0pt x 184.49117pt.


LaTeX Warning: Float too large for page by 19.4735pt on input line 752.

<./figs/fig5_B8_b_kpara_0-eps-converted-to.pdf, id=527, 867.24pt x 650.43pt>
File: ./figs/fig5_B8_b_kpara_0-eps-converted-to.pdf Graphic file (type pdf)

<use ./figs/fig5_B8_b_kpara_0-eps-converted-to.pdf>
Package pdftex.def Info: ./figs/fig5_B8_b_kpara_0-eps-converted-to.pdf used on 
input line 756.
(pdftex.def)             Requested size: 246.0pt x 184.49117pt.

<./figs/fig5_B8_b_kpara_10-eps-converted-to.pdf, id=528, 867.24pt x 650.43pt>
File: ./figs/fig5_B8_b_kpara_10-eps-converted-to.pdf Graphic file (type pdf)

<use ./figs/fig5_B8_b_kpara_10-eps-converted-to.pdf>
Package pdftex.def Info: ./figs/fig5_B8_b_kpara_10-eps-converted-to.pdf used on
 input line 758.
(pdftex.def)             Requested size: 246.0pt x 184.49117pt.

<./figs/fig5_B8_b_kpara_20-eps-converted-to.pdf, id=529, 867.24pt x 650.43pt>
File: ./figs/fig5_B8_b_kpara_20-eps-converted-to.pdf Graphic file (type pdf)

<use ./figs/fig5_B8_b_kpara_20-eps-converted-to.pdf>
Package pdftex.def Info: ./figs/fig5_B8_b_kpara_20-eps-converted-to.pdf used on
 input line 760.
(pdftex.def)             Requested size: 246.0pt x 184.49117pt.


LaTeX Warning: Float too large for page by 24.35686pt on input line 768.

[7 <./figs/fig4_B1_b_kperp-eps-converted-to.pdf> <./figs/fig4_B1_b_kpara-eps-co
nverted-to.pdf> <./figs/fig5_B0_b-eps-converted-to.pdf>]

LaTeX Warning: A float is stuck (cannot be placed) on input line 790.


LaTeX Warning: A float is stuck (cannot be placed) on input line 790.


Class revtex4-1 Warning: Deferred float stuck during \clearpage processing.

[8 <./figs/fig5_B025_b_kperp_0-eps-converted-to.pdf> <./figs/fig5_B025_b_kperp_
10-eps-converted-to.pdf> <./figs/fig5_B025_b_kperp_20-eps-converted-to.pdf> <./
figs/fig5_B025_b_kpara_0-eps-converted-to.pdf> <./figs/fig5_B025_b_kpara_10-eps
-converted-to.pdf> <./figs/fig5_B025_b_kpara_20-eps-converted-to.pdf>]

LaTeX Warning: A float is stuck (cannot be placed) on input line 790.


LaTeX Warning: A float is stuck (cannot be placed) on input line 790.


Class revtex4-1 Warning: Deferred float stuck during \clearpage processing.

[9 <./figs/fig5_B1_b_kperp_0-eps-converted-to.pdf> <./figs/fig5_B1_b_kperp_10-e
ps-converted-to.pdf> <./figs/fig5_B1_b_kperp_20-eps-converted-to.pdf> <./figs/f
ig5_B1_b_kpara_0-eps-converted-to.pdf> <./figs/fig5_B1_b_kpara_10-eps-converted
-to.pdf> <./figs/fig5_B1_b_kpara_20-eps-converted-to.pdf>]

LaTeX Warning: A float is stuck (cannot be placed) on input line 790.


LaTeX Warning: A float is stuck (cannot be placed) on input line 790.


Class revtex4-1 Warning: Deferred float stuck during \clearpage processing.

[10 <./figs/fig5_B8_b_kperp_0-eps-converted-to.pdf> <./figs/fig5_B8_b_kperp_10-
eps-converted-to.pdf> <./figs/fig5_B8_b_kperp_20-eps-converted-to.pdf> <./figs/
fig5_B8_b_kpara_0-eps-converted-to.pdf> <./figs/fig5_B8_b_kpara_10-eps-converte
d-to.pdf> <./figs/fig5_B8_b_kpara_20-eps-converted-to.pdf>]
Underfull \hbox (badness 10000) in paragraph at lines 910--913
[]\OT1/cmr/m/n/10 R.L., P.D., and P.D.M. ac-knowl-edge sup-port
 []


Underfull \hbox (badness 1043) in paragraph at lines 910--913
\OT1/cmr/m/n/10 from the grants UBA-CyT No. 20020110200359 and
 []

[11] (./paper2.bbl) [12] (./paper2.aux)

LaTeX Warning: There were undefined references.

 ) 
Here is how much of TeX's memory you used:
 4883 strings out of 493014
 71203 string characters out of 6135708
 192784 words of memory out of 5000000
 8321 multiletter control sequences out of 15000+600000
 14987 words of font info for 56 fonts, out of 8000000 for 9000
 1141 hyphenation exceptions out of 8191
 40i,23n,28p,1051b,366s stack positions out of 5000i,500n,10000p,200000b,80000s
</usr/share/texlive/texmf-dist/fonts/type1/public/amsfonts/cm/cmbx10.pfb></us
r/share/texlive/texmf-dist/fonts/type1/public/amsfonts/cm/cmbx6.pfb></usr/share
/texlive/texmf-dist/fonts/type1/public/amsfonts/cm/cmbx7.pfb></usr/share/texliv
e/texmf-dist/fonts/type1/public/amsfonts/cm/cmbx9.pfb></usr/share/texlive/texmf
-dist/fonts/type1/public/amsfonts/cm/cmex10.pfb></usr/share/texlive/texmf-dist/
fonts/type1/public/amsfonts/cm/cmmi10.pfb></usr/share/texlive/texmf-dist/fonts/
type1/public/amsfonts/cm/cmmi5.pfb></usr/share/texlive/texmf-dist/fonts/type1/p
ublic/amsfonts/cm/cmmi6.pfb></usr/share/texlive/texmf-dist/fonts/type1/public/a
msfonts/cm/cmmi7.pfb></usr/share/texlive/texmf-dist/fonts/type1/public/amsfonts
/cm/cmmi8.pfb></usr/share/texlive/texmf-dist/fonts/type1/public/amsfonts/cm/cmm
i9.pfb></usr/share/texlive/texmf-dist/fonts/type1/public/amsfonts/cm/cmr10.pfb>
</usr/share/texlive/texmf-dist/fonts/type1/public/amsfonts/cm/cmr6.pfb></usr/sh
are/texlive/texmf-dist/fonts/type1/public/amsfonts/cm/cmr7.pfb></usr/share/texl
ive/texmf-dist/fonts/type1/public/amsfonts/cm/cmr8.pfb></usr/share/texlive/texm
f-dist/fonts/type1/public/amsfonts/cm/cmr9.pfb></usr/share/texlive/texmf-dist/f
onts/type1/public/amsfonts/cm/cmss10.pfb></usr/share/texlive/texmf-dist/fonts/t
ype1/public/amsfonts/cm/cmss8.pfb></usr/share/texlive/texmf-dist/fonts/type1/pu
blic/amsfonts/cm/cmssbx10.pfb></usr/share/texlive/texmf-dist/fonts/type1/public
/amsfonts/cm/cmsy10.pfb></usr/share/texlive/texmf-dist/fonts/type1/public/amsfo
nts/cm/cmsy5.pfb></usr/share/texlive/texmf-dist/fonts/type1/public/amsfonts/cm/
cmsy6.pfb></usr/share/texlive/texmf-dist/fonts/type1/public/amsfonts/cm/cmsy7.p
fb></usr/share/texlive/texmf-dist/fonts/type1/public/amsfonts/cm/cmsy9.pfb></us
r/share/texlive/texmf-dist/fonts/type1/public/amsfonts/cm/cmti10.pfb></usr/shar
e/texlive/texmf-dist/fonts/type1/public/amsfonts/cm/cmti8.pfb></usr/share/texli
ve/texmf-dist/fonts/type1/public/amsfonts/cm/cmti9.pfb></usr/share/texlive/texm
f-dist/fonts/type1/public/amsfonts/symbols/msam10.pfb>
Output written on paper2.pdf (12 pages, 1154627 bytes).
PDF statistics:
 1139 PDF objects out of 1200 (max. 8388607)
 461 compressed objects within 5 object streams
 0 named destinations out of 1000 (max. 500000)
 156 words of extra memory for PDF output out of 10000 (max. 10000000)

