This is pdfTeX, Version 3.1415926-2.5-1.40.14 (TeX Live 2013/Debian) (format=pdflatex 2015.6.20)  9 MAY 2016 21:16
entering extended mode
 restricted \write18 enabled.
 %&-line parsing enabled.
**aipsamp_arxiv.tex
(./aipsamp_arxiv.tex
LaTeX2e <2011/06/27>
Babel <3.9h> and hyphenation patterns for 78 languages loaded.
(/usr/share/texlive/texmf-dist/tex/latex/revtex/revtex4-1.cls
Document Class: revtex4-1 2010/07/25/20:33:00 4.1r (http://publish.aps.org/revt
ex4/ for documentation)
 Copyright (c) 2009 The American Physical Society.
 mailto:revtex@aps.org
 Licensed under the LPPL:
http://www.ctan.org/tex-archive/macros/latex/base/lppl.txt
 Arthur Ogawa <arthur_ogawa at sbcglobal dot net>
 Based on work by David Carlisle <david at dcarlisle.demon.co.uk>.
ltxutil[2010/07/25/20:33:00 4.1r utilities package (portions licensed from W. E
. Baxter web at superscript.com)]
LaTeX Info: Redefining \@centercr on input line 308.
Class revtex4-1 Info: Repairing broken LaTeX eqnarray on input line 358.
\eqncolsep=\skip41
Class revtex4-1 Info: Repairing hyperref-unfriendly LaTeX definition of \mpfoot
note on input line 433.
Class revtex4-1 Info: Repairing broken LateX \@sect on input line 755.
\intertabularlinepenalty=\count79
\@tbpen=\count80
\@arstrutbox@hline=\box26
Class revtex4-1 Info: Repairing broken LaTeX \@xbitor on input line 1786.
Class revtex4-1 Info: Making \typeout \long on input line 2046.
ltxfront[2010/07/25/20:33:00 4.1r frontmatter package (AO,DPC)]
\c@affil=\count81
\c@collab=\count82
\absbox=\box27
ltxgrid[2010/07/25/20:33:00 4.1r page grid package (portions licensed from W. E
. Baxter web at superscript.com)]
\c@linecount=\count83
\output@latex=\toks14
\box@size@1=\box28
\box@size@2=\box29
\@protection@box=\box30
\@topmark@saved=\toks15
\footins@saved=\box31
\footins@recovered=\box32
\column@recovered=\box33
\pagesofar=\box34
\footsofar=\box35
\pagegrid@col=\count84
Class revtex4-1 Info: Overriding \@vspace, \@vspacer, \@no@pgbk, \@newline, and
 \\  on input line 5578.
\c@part=\count85
\c@section=\count86
\c@subsection=\count87
\c@subsubsection=\count88
\c@paragraph=\count89
\c@subparagraph=\count90
\abovecaptionskip=\skip42
\belowcaptionskip=\skip43
\c@figure=\count91
\fbox@1=\box36
\c@table=\count92
\fbox@2=\box37
\c@video=\count93
\fbox@4=\box38
\@bibdataout=\write3
\widetext@top=\box39
\widetext@bot=\box40
Class revtex4-1 Info: Selecting society aip on input line 7542.
(/usr/share/texlive/texmf-dist/tex/latex/revtex/aip4-1.rtx
File: aip4-1.rtx 2010/07/25 4.1r AIP substyle for REVTeX
Class revtex4-1 Info: RevTeX society AIP selected on input line 67.
)
Class revtex4-1 Info: Selecting journal pop on input line 7544.

Using journal substyle pop.
Class revtex4-1 Info: Reading file aps10pt4-1.rtx on input line 7547.
(/usr/share/texlive/texmf-dist/tex/latex/revtex/aps10pt4-1.rtx
File: aps10pt4-1 2010/07/25/20:33:00 4.1r (http://publish.aps.org/revtex4/ for 
documentation)
Class revtex4-1 Info: RevTeX pointsize 10pt selected on input line 30.
)
Class revtex4-1 Info: Overriding 10pt on input line 7547.

(/usr/share/texlive/texmf-dist/tex/latex/textcase/textcase.sty
Package: textcase 2004/10/07 v0.07 Text only upper/lower case changing (DPC)
)
(/usr/share/texlive/texmf-dist/tex/latex/amsfonts/amssymb.sty
Package: amssymb 2013/01/14 v3.01 AMS font symbols

(/usr/share/texlive/texmf-dist/tex/latex/amsfonts/amsfonts.sty
Package: amsfonts 2013/01/14 v3.01 Basic AMSFonts support
\@emptytoks=\toks16
\symAMSa=\mathgroup4
\symAMSb=\mathgroup5
LaTeX Font Info:    Overwriting math alphabet `\mathfrak' in version `bold'
(Font)                  U/euf/m/n --> U/euf/b/n on input line 106.
))
(/usr/share/texlive/texmf-dist/tex/latex/amsmath/amsmath.sty
Package: amsmath 2013/01/14 v2.14 AMS math features
\@mathmargin=\skip44

For additional information on amsmath, use the `?' option.
(/usr/share/texlive/texmf-dist/tex/latex/amsmath/amstext.sty
Package: amstext 2000/06/29 v2.01

(/usr/share/texlive/texmf-dist/tex/latex/amsmath/amsgen.sty
File: amsgen.sty 1999/11/30 v2.0
\@emptytoks=\toks17
\ex@=\dimen102
)
LaTeX Info: Redefining \text on input line 39.
)
(/usr/share/texlive/texmf-dist/tex/latex/amsmath/amsbsy.sty
Package: amsbsy 1999/11/29 v1.2d
\pmbraise@=\dimen103
)
(/usr/share/texlive/texmf-dist/tex/latex/amsmath/amsopn.sty
Package: amsopn 1999/12/14 v2.01 operator names
)
\inf@bad=\count94
LaTeX Info: Redefining \frac on input line 210.
\uproot@=\count95
\leftroot@=\count96
LaTeX Info: Redefining \overline on input line 306.
\classnum@=\count97
\DOTSCASE@=\count98
LaTeX Info: Redefining \ldots on input line 378.
LaTeX Info: Redefining \dots on input line 381.
LaTeX Info: Redefining \cdots on input line 466.
\Mathstrutbox@=\box41
\strutbox@=\box42
\big@size=\dimen104
LaTeX Font Info:    Redeclaring font encoding OML on input line 566.
LaTeX Font Info:    Redeclaring font encoding OMS on input line 567.
\macc@depth=\count99
\c@MaxMatrixCols=\count100
\dotsspace@=\muskip10
\c@parentequation=\count101
\dspbrk@lvl=\count102
\tag@help=\toks18
\row@=\count103
\column@=\count104
\maxfields@=\count105
\andhelp@=\toks19
\eqnshift@=\dimen105
\alignsep@=\dimen106
\tagshift@=\dimen107
\tagwidth@=\dimen108
\totwidth@=\dimen109
\lineht@=\dimen110
\@envbody=\toks20
\multlinegap=\skip45
\multlinetaggap=\skip46
\mathdisplay@stack=\toks21
LaTeX Info: Redefining \[ on input line 2665.
LaTeX Info: Redefining \] on input line 2666.
)
(/usr/share/texlive/texmf-dist/tex/latex/url/url.sty
\Urlmuskip=\muskip11
Package: url 2013/09/16  ver 3.4  Verb mode for urls, etc.
)
(/usr/share/texlive/texmf-dist/tex/latex/natbib/natbib.sty
Package: natbib 2010/09/13 8.31b (PWD, AO)
\bibhang=\skip47
\bibsep=\skip48
LaTeX Info: Redefining \cite on input line 694.
\c@NAT@ctr=\count106
)
Class revtex4-1 Info: Repairing natbib's \BibitemShut on input line 7549.

(/usr/share/texlive/texmf-dist/tex/latex/revtex/revsymb4-1.sty
Package: revsymb4-1 2010/07/25/20:33:00 4.1r (http://publish.aps.org/revtex4/ f
or documentation)
LaTeX Info: Redefining \frak on input line 95.
LaTeX Info: Redefining \Bbb on input line 111.
LaTeX Info: Redefining \REV@mathfrak on input line 119.
))
(/usr/share/texlive/texmf-dist/tex/latex/graphics/color.sty
Package: color 2005/11/14 v1.0j Standard LaTeX Color (DPC)

(/usr/share/texlive/texmf-dist/tex/latex/latexconfig/color.cfg
File: color.cfg 2007/01/18 v1.5 color configuration of teTeX/TeXLive
)
Package color Info: Driver file: pdftex.def on input line 130.

(/usr/share/texlive/texmf-dist/tex/latex/pdftex-def/pdftex.def
File: pdftex.def 2011/05/27 v0.06d Graphics/color for pdfTeX

(/usr/share/texlive/texmf-dist/tex/generic/oberdiek/infwarerr.sty
Package: infwarerr 2010/04/08 v1.3 Providing info/warning/error messages (HO)
)
(/usr/share/texlive/texmf-dist/tex/generic/oberdiek/ltxcmds.sty
Package: ltxcmds 2011/11/09 v1.22 LaTeX kernel commands for general use (HO)
)
\Gread@gobject=\count107
))
(/usr/share/texmf/tex/latex/xcolor/xcolor.sty
Package: xcolor 2007/01/21 v2.11 LaTeX color extensions (UK)

(/usr/share/texlive/texmf-dist/tex/latex/latexconfig/color.cfg
File: color.cfg 2007/01/18 v1.5 color configuration of teTeX/TeXLive
)
Package xcolor Info: Driver file: pdftex.def on input line 225.
LaTeX Info: Redefining \color on input line 702.
Package xcolor Info: Model `cmy' substituted by `cmy0' on input line 1337.
Package xcolor Info: Model `hsb' substituted by `rgb' on input line 1341.
Package xcolor Info: Model `RGB' extended on input line 1353.
Package xcolor Info: Model `HTML' substituted by `rgb' on input line 1355.
Package xcolor Info: Model `Hsb' substituted by `hsb' on input line 1356.
Package xcolor Info: Model `tHsb' substituted by `hsb' on input line 1357.
Package xcolor Info: Model `HSB' substituted by `hsb' on input line 1358.
Package xcolor Info: Model `Gray' substituted by `gray' on input line 1359.
Package xcolor Info: Model `wave' substituted by `hsb' on input line 1360.
)
(/usr/share/texlive/texmf-dist/tex/latex/graphics/graphicx.sty
Package: graphicx 1999/02/16 v1.0f Enhanced LaTeX Graphics (DPC,SPQR)

(/usr/share/texlive/texmf-dist/tex/latex/graphics/keyval.sty
Package: keyval 1999/03/16 v1.13 key=value parser (DPC)
\KV@toks@=\toks22
)
(/usr/share/texlive/texmf-dist/tex/latex/graphics/graphics.sty
Package: graphics 2009/02/05 v1.0o Standard LaTeX Graphics (DPC,SPQR)

(/usr/share/texlive/texmf-dist/tex/latex/graphics/trig.sty
Package: trig 1999/03/16 v1.09 sin cos tan (DPC)
)
(/usr/share/texlive/texmf-dist/tex/latex/latexconfig/graphics.cfg
File: graphics.cfg 2010/04/23 v1.9 graphics configuration of TeX Live
)
Package graphics Info: Driver file: pdftex.def on input line 91.
)
\Gin@req@height=\dimen111
\Gin@req@width=\dimen112
)
(/usr/share/texlive/texmf-dist/tex/latex/tools/bm.sty
Package: bm 2004/02/26 v1.1c Bold Symbol Support (DPC/FMi)
\symboldoperators=\mathgroup6
\symboldletters=\mathgroup7
\symboldsymbols=\mathgroup8
LaTeX Font Info:    Redeclaring math alphabet \mathbf on input line 138.
LaTeX Info: Redefining \bm on input line 204.
)
Class revtex4-1 Info: Patching LaTeX tabular. on input line 44.
Class revtex4-1 Info: Robustifying \LaTeX's \boldmath command on input line 44.

Class revtex4-1 Info: cite was not loaded (OK!) on input line 44.
Class revtex4-1 Info: mcite was not loaded (OK!) on input line 44.
Class revtex4-1 Info: multicol was not loaded (OK!) on input line 44.
 (./aipsamp_arxiv.aux

LaTeX Warning: Label `mean square velocity' multiply defined.


LaTeX Warning: Label `mean square velocity' multiply defined.


LaTeX Warning: Label `mean square velocity' multiply defined.


LaTeX Warning: Label `mean square velocity' multiply defined.

)
\openout1 = `aipsamp_arxiv.aux'.

LaTeX Font Info:    Checking defaults for OML/cmm/m/it on input line 44.
LaTeX Font Info:    ... okay on input line 44.
LaTeX Font Info:    Checking defaults for T1/cmr/m/n on input line 44.
LaTeX Font Info:    ... okay on input line 44.
LaTeX Font Info:    Checking defaults for OT1/cmr/m/n on input line 44.
LaTeX Font Info:    ... okay on input line 44.
LaTeX Font Info:    Checking defaults for OMS/cmsy/m/n on input line 44.
LaTeX Font Info:    ... okay on input line 44.
LaTeX Font Info:    Checking defaults for OMX/cmex/m/n on input line 44.
LaTeX Font Info:    ... okay on input line 44.
LaTeX Font Info:    Checking defaults for U/cmr/m/n on input line 44.
LaTeX Font Info:    ... okay on input line 44.
 (/usr/share/texlive/texmf-dist/tex/context/base/supp-pdf.mkii
[Loading MPS to PDF converter (version 2006.09.02).]
\scratchcounter=\count108
\scratchdimen=\dimen113
\scratchbox=\box43
\nofMPsegments=\count109
\nofMParguments=\count110
\everyMPshowfont=\toks23
\MPscratchCnt=\count111
\MPscratchDim=\dimen114
\MPnumerator=\count112
\makeMPintoPDFobject=\count113
\everyMPtoPDFconversion=\toks24
) (/usr/share/texlive/texmf-dist/tex/generic/oberdiek/pdftexcmds.sty
Package: pdftexcmds 2011/11/29 v0.20 Utility functions of pdfTeX for LuaTeX (HO
)

(/usr/share/texlive/texmf-dist/tex/generic/oberdiek/ifluatex.sty
Package: ifluatex 2010/03/01 v1.3 Provides the ifluatex switch (HO)
Package ifluatex Info: LuaTeX not detected.
)
(/usr/share/texlive/texmf-dist/tex/generic/oberdiek/ifpdf.sty
Package: ifpdf 2011/01/30 v2.3 Provides the ifpdf switch (HO)
Package ifpdf Info: pdfTeX in PDF mode is detected.
)
Package pdftexcmds Info: LuaTeX not detected.
Package pdftexcmds Info: \pdf@primitive is available.
Package pdftexcmds Info: \pdf@ifprimitive is available.
Package pdftexcmds Info: \pdfdraftmode found.
)
(/usr/share/texlive/texmf-dist/tex/latex/oberdiek/epstopdf-base.sty
Package: epstopdf-base 2010/02/09 v2.5 Base part for package epstopdf

(/usr/share/texlive/texmf-dist/tex/latex/oberdiek/grfext.sty
Package: grfext 2010/08/19 v1.1 Manage graphics extensions (HO)

(/usr/share/texlive/texmf-dist/tex/generic/oberdiek/kvdefinekeys.sty
Package: kvdefinekeys 2011/04/07 v1.3 Define keys (HO)
))
(/usr/share/texlive/texmf-dist/tex/latex/oberdiek/kvoptions.sty
Package: kvoptions 2011/06/30 v3.11 Key value format for package options (HO)

(/usr/share/texlive/texmf-dist/tex/generic/oberdiek/kvsetkeys.sty
Package: kvsetkeys 2012/04/25 v1.16 Key value parser (HO)

(/usr/share/texlive/texmf-dist/tex/generic/oberdiek/etexcmds.sty
Package: etexcmds 2011/02/16 v1.5 Avoid name clashes with e-TeX commands (HO)
Package etexcmds Info: Could not find \expanded.
(etexcmds)             That can mean that you are not using pdfTeX 1.50 or
(etexcmds)             that some package has redefined \expanded.
(etexcmds)             In the latter case, load this package earlier.
)))
Package grfext Info: Graphics extension search list:
(grfext)             [.png,.pdf,.jpg,.mps,.jpeg,.jbig2,.jb2,.PNG,.PDF,.JPG,.JPE
G,.JBIG2,.JB2,.eps]
(grfext)             \AppendGraphicsExtensions on input line 452.

(/usr/share/texlive/texmf-dist/tex/latex/latexconfig/epstopdf-sys.cfg
File: epstopdf-sys.cfg 2010/07/13 v1.3 Configuration of (r)epstopdf for TeX Liv
e
))
\openout3 = `aipsamp_arxivNotes.bib'.

LaTeX Font Info:    Try loading font information for U+msa on input line 83.

(/usr/share/texlive/texmf-dist/tex/latex/amsfonts/umsa.fd
File: umsa.fd 2013/01/14 v3.01 AMS symbols A
)
LaTeX Font Info:    Try loading font information for U+msb on input line 83.

(/usr/share/texlive/texmf-dist/tex/latex/amsfonts/umsb.fd
File: umsb.fd 2013/01/14 v3.01 AMS symbols B
) [1{/var/lib/texmf/fonts/map/pdftex/updmap/pdftex.map}]
<./Fig1_a.pdf, id=15, 613.29124pt x 508.90125pt>
File: ./Fig1_a.pdf Graphic file (type pdf)
 <use ./Fig1_a.pdf>
Package pdftex.def Info: ./Fig1_a.pdf used on input line 253.
(pdftex.def)             Requested size: 214.19907pt x 177.73761pt.

<./Fig1_b.pdf, id=16, 613.29124pt x 508.90125pt>
File: ./Fig1_b.pdf Graphic file (type pdf)
 <use ./Fig1_b.pdf>
Package pdftex.def Info: ./Fig1_b.pdf used on input line 254.
(pdftex.def)             Requested size: 214.19907pt x 177.73761pt.
 [2]
Underfull \hbox (badness 1831) in paragraph at lines 332--339
[]\OT1/cmr/m/n/10 In Fig-ure 1 a three-dimensional view of the z-
 []

<./Fig2_a.pdf, id=25, 553.06625pt x 275.0275pt>
File: ./Fig2_a.pdf Graphic file (type pdf)
 <use ./Fig2_a.pdf>
Package pdftex.def Info: ./Fig2_a.pdf used on input line 342.
(pdftex.def)             Requested size: 239.21352pt x 118.95195pt.

Overfull \hbox (4.59444pt too wide) in paragraph at lines 342--342
 | [] 
 []

<./Fig2_b.pdf, id=26, 497.86pt x 268.00125pt>
File: ./Fig2_b.pdf Graphic file (type pdf)
 <use ./Fig2_b.pdf>
Package pdftex.def Info: ./Fig2_b.pdf used on input line 343.
(pdftex.def)             Requested size: 220.4237pt x 118.65698pt.
 [3 <./Fig1_a.pdf> <./Fig1_b.pdf

pdfTeX warning: /usr/bin/pdflatex (file ./Fig1_b.pdf): PDF inclusion: multiple 
pdfs with page group included in a single page
> <./Fig2_a.pdf

pdfTeX warning: /usr/bin/pdflatex (file ./Fig2_a.pdf): PDF inclusion: multiple 
pdfs with page group included in a single page
> <./Fig2_b.pdf

pdfTeX warning: /usr/bin/pdflatex (file ./Fig2_b.pdf): PDF inclusion: multiple 
pdfs with page group included in a single page
>] <./Fig3_a.pdf, id=111, 505.89pt x 265.99374pt>
File: ./Fig3_a.pdf Graphic file (type pdf)
 <use ./Fig3_a.pdf>
Package pdftex.def Info: ./Fig3_a.pdf used on input line 401.
(pdftex.def)             Requested size: 220.4237pt x 115.8971pt.

<./Fig3_b.pdf, id=112, 502.87875pt x 266.9975pt>
File: ./Fig3_b.pdf Graphic file (type pdf)
 <use ./Fig3_b.pdf>
Package pdftex.def Info: ./Fig3_b.pdf used on input line 402.
(pdftex.def)             Requested size: 220.4237pt x 117.0311pt.


LaTeX Warning: `!h' float specifier changed to `!ht'.

<./Fig4_b.pdf, id=113, 328.22626pt x 343.2825pt>
File: ./Fig4_b.pdf Graphic file (type pdf)
 <use ./Fig4_b.pdf>
Package pdftex.def Info: ./Fig4_b.pdf used on input line 426.
(pdftex.def)             Requested size: 166.2212pt x 173.84604pt.

<./Fig4_2.pdf, id=114, 328.22626pt x 343.2825pt>
File: ./Fig4_2.pdf Graphic file (type pdf)
 <use ./Fig4_2.pdf>
Package pdftex.def Info: ./Fig4_2.pdf used on input line 427.
(pdftex.def)             Requested size: 166.94351pt x 174.60033pt.

<./Fig5_a.pdf, id=115, 413.545pt x 476.78125pt>
File: ./Fig5_a.pdf Graphic file (type pdf)
 <use ./Fig5_a.pdf>
Package pdftex.def Info: ./Fig5_a.pdf used on input line 457.
(pdftex.def)             Requested size: 202.35622pt x 233.30475pt.

<./Fig5_b.pdf, id=116, 413.545pt x 476.78125pt>
File: ./Fig5_b.pdf Graphic file (type pdf)
 <use ./Fig5_b.pdf>
Package pdftex.def Info: ./Fig5_b.pdf used on input line 458.
(pdftex.def)             Requested size: 216.81148pt x 202.35652pt.


LaTeX Warning: `!h' float specifier changed to `!ht'.

[4 <./Fig3_a.pdf> <./Fig3_b.pdf

pdfTeX warning: /usr/bin/pdflatex (file ./Fig3_b.pdf): PDF inclusion: multiple 
pdfs with page group included in a single page
>]

LaTeX Warning: A float is stuck (cannot be placed); try class option [floatfix]
 on input line 498.

<./Fig6_c_compress.pdf, id=185, 320.19624pt x 227.85126pt>
File: ./Fig6_c_compress.pdf Graphic file (type pdf)

<use ./Fig6_c_compress.pdf>
Package pdftex.def Info: ./Fig6_c_compress.pdf used on input line 521.
(pdftex.def)             Requested size: 229.49844pt x 163.31223pt.

<./Fig6_c_incompress.pdf, id=186, 320.19624pt x 227.85126pt>
File: ./Fig6_c_incompress.pdf Graphic file (type pdf)

<use ./Fig6_c_incompress.pdf>
Package pdftex.def Info: ./Fig6_c_incompress.pdf used on input line 522.
(pdftex.def)             Requested size: 229.49844pt x 163.31223pt.

<./Fig6_b_compress.pdf, id=187, 320.19624pt x 227.85126pt>
File: ./Fig6_b_compress.pdf Graphic file (type pdf)

<use ./Fig6_b_compress.pdf>
Package pdftex.def Info: ./Fig6_b_compress.pdf used on input line 523.
(pdftex.def)             Requested size: 229.49844pt x 163.31223pt.

<./Fig6_b_incompress.pdf, id=188, 320.19624pt x 227.85126pt>
File: ./Fig6_b_incompress.pdf Graphic file (type pdf)

<use ./Fig6_b_incompress.pdf>
Package pdftex.def Info: ./Fig6_b_incompress.pdf used on input line 524.
(pdftex.def)             Requested size: 229.49844pt x 163.31223pt.

<./Fig6_a_compress.pdf, id=189, 353.32pt x 243.91125pt>
File: ./Fig6_a_compress.pdf Graphic file (type pdf)

<use ./Fig6_a_compress.pdf>
Package pdftex.def Info: ./Fig6_a_compress.pdf used on input line 525.
(pdftex.def)             Requested size: 229.49844pt x 158.4325pt.

<./Fig6_a_incompress.pdf, id=190, 353.32pt x 243.91125pt>
File: ./Fig6_a_incompress.pdf Graphic file (type pdf)

<use ./Fig6_a_incompress.pdf>
Package pdftex.def Info: ./Fig6_a_incompress.pdf used on input line 526.
(pdftex.def)             Requested size: 229.49844pt x 158.4325pt.

<./Fig6_d_compress.pdf, id=191, 315.1775pt x 227.85126pt>
File: ./Fig6_d_compress.pdf Graphic file (type pdf)

<use ./Fig6_d_compress.pdf>
Package pdftex.def Info: ./Fig6_d_compress.pdf used on input line 527.
(pdftex.def)             Requested size: 229.49844pt x 165.91281pt.

<./Fig6_d_incompress.pdf, id=192, 315.1775pt x 227.85126pt>
File: ./Fig6_d_incompress.pdf Graphic file (type pdf)

<use ./Fig6_d_incompress.pdf>
Package pdftex.def Info: ./Fig6_d_incompress.pdf used on input line 528.
(pdftex.def)             Requested size: 229.49844pt x 165.91281pt.


Class revtex4-1 Warning: Float cannot be placed.


LaTeX Warning: Float too large for page by 34.06985pt on input line 534.

[5 <./Fig4_b.pdf> <./Fig4_2.pdf

pdfTeX warning: /usr/bin/pdflatex (file ./Fig4_2.pdf): PDF inclusion: multiple 
pdfs with page group included in a single page
> <./Fig5_a.pdf

pdfTeX warning: /usr/bin/pdflatex (file ./Fig5_a.pdf): PDF inclusion: multiple 
pdfs with page group included in a single page
> <./Fig5_b.pdf

pdfTeX warning: /usr/bin/pdflatex (file ./Fig5_b.pdf): PDF inclusion: multiple 
pdfs with page group included in a single page
>] [6 <./Fig6_c_compress.pdf> <./Fig6_c_incompress.pdf

pdfTeX warning: /usr/bin/pdflatex (file ./Fig6_c_incompress.pdf): PDF inclusion
: multiple pdfs with page group included in a single page
> <./Fig6_b_compress.pdf

pdfTeX warning: /usr/bin/pdflatex (file ./Fig6_b_compress.pdf): PDF inclusion: 
multiple pdfs with page group included in a single page
> <./Fig6_b_incompress.pdf

pdfTeX warning: /usr/bin/pdflatex (file ./Fig6_b_incompress.pdf): PDF inclusion
: multiple pdfs with page group included in a single page
> <./Fig6_a_compress.pdf

pdfTeX warning: /usr/bin/pdflatex (file ./Fig6_a_compress.pdf): PDF inclusion: 
multiple pdfs with page group included in a single page
> <./Fig6_a_incompress.pdf

pdfTeX warning: /usr/bin/pdflatex (file ./Fig6_a_incompress.pdf): PDF inclusion
: multiple pdfs with page group included in a single page
> <./Fig6_d_compress.pdf

pdfTeX warning: /usr/bin/pdflatex (file ./Fig6_d_compress.pdf): PDF inclusion: 
multiple pdfs with page group included in a single page
> <./Fig6_d_incompress.pdf

pdfTeX warning: /usr/bin/pdflatex (file ./Fig6_d_incompress.pdf): PDF inclusion
: multiple pdfs with page group included in a single page
>] <./Fig7_a.pdf, id=1461, 505.89pt x 263.98625pt>
File: ./Fig7_a.pdf Graphic file (type pdf)
 <use ./Fig7_a.pdf>
Package pdftex.def Info: ./Fig7_a.pdf used on input line 563.
(pdftex.def)             Requested size: 238.49121pt x 124.45218pt.

<./Fig7_b.pdf, id=1462, 510.90875pt x 266.9975pt>
File: ./Fig7_b.pdf Graphic file (type pdf)
 <use ./Fig7_b.pdf>
Package pdftex.def Info: ./Fig7_b.pdf used on input line 564.
(pdftex.def)             Requested size: 238.49121pt x 124.63327pt.
 [7 <./Fig7_a.pdf> <./Fig7_b.pdf

pdfTeX warning: /usr/bin/pdflatex (file ./Fig7_b.pdf): PDF inclusion: multiple 
pdfs with page group included in a single page
>] (./aipsamp_arxiv.bbl
Missing character: There is no Â in font cmr8!
Missing character: There is no   in font cmr8!
Missing character: There is no Â in font cmr8!
Missing character: There is no   in font cmr8!

Underfull \hbox (badness 2326) in paragraph at lines 102--106
 []\OT1/cmr/m/n/8 W. H. Matthaeus, J. J. Am-brosiano, and M. L. Gold-
 []


Underfull \hbox (badness 1721) in paragraph at lines 102--106
 \OT1/cmr/m/n/8 stein.  \OT1/cmr/m/it/8 Phys. Rev. Lett.\OT1/cmr/m/n/8 , 53:144
9--1452, Oct 1984.  doi:
 []

Missing character: There is no â in font cmr8!
Missing character: There is no € in font cmr8!
Missing character: There is no “ in font cmr8!
Missing character: There is no â in font cmr8!
Missing character: There is no € in font cmr8!
Missing character: There is no “ in font cmr8!

Underfull \hbox (badness 1831) in paragraph at lines 119--128
 []\OT1/cmr/m/n/8 Pablo D. Mininni, Du-ane Rosen-berg, Raghu Reddy, and
 []


Underfull \hbox (badness 3690) in paragraph at lines 119--128
 \OT1/cmr/m/n/8 par-al-lel pseu-dospec-tral com-pu-ta-tions for fluid tur-bu-le
nce.
 []


Underfull \hbox (badness 1033) in paragraph at lines 119--128
 \OT1/cmr/m/it/8 Par-al-lel Com-put-ing\OT1/cmr/m/n/8 , 37(67):316 -- 326, 2011
.  ISSN 0167-
 []


Underfull \hbox (badness 10000) in paragraph at lines 119--128
 \OT1/cmr/m/n/8 8191.  doi:http://dx.doi.org/10.1016/j.parco.2011.05.004.
 []


Underfull \hbox (badness 10000) in paragraph at lines 119--128
 \OT1/cmr/m/n/8 URL $\OT1/cmtt/m/n/8 http : / / www . sciencedirect . com / sci
ence / article / pii /
 []


Underfull \hbox (badness 1189) in paragraph at lines 137--144
 []\OT1/cmr/m/n/8 S. Ser-vidio, W. H. Matthaeus, M. A. Shay, P. Dmitruk,
 []


Underfull \hbox (badness 1558) in paragraph at lines 137--144
 \OT1/cmr/m/n/8 P. A. Cas-sak, and M. Wan.  Statis-tics of mag-netic re-
 []


Underfull \hbox (badness 3354) in paragraph at lines 137--144
 \OT1/cmr/m/n/8 lence.  \OT1/cmr/m/it/8 Physics of Plas-mas\OT1/cmr/m/n/8 , 17(
3):032315, 2010.  doi:
 []


Underfull \hbox (badness 1152) in paragraph at lines 146--150
 []\OT1/cmr/m/n/8 Bogdan Teaca, Mar-tin S. Weidl, Frank Jenko, and Rein-
 []

) [8] (./aipsamp_arxiv.aux)

LaTeX Warning: There were multiply-defined labels.

 ) 
Here is how much of TeX's memory you used:
 5123 strings out of 493304
 66978 string characters out of 6139871
 193366 words of memory out of 5000000
 8468 multiletter control sequences out of 15000+600000
 18826 words of font info for 69 fonts, out of 8000000 for 9000
 957 hyphenation exceptions out of 8191
 38i,13n,35p,508b,386s stack positions out of 5000i,500n,10000p,200000b,80000s
</usr/share/texlive/texmf-dist/fonts/type1/public/amsfonts/cm/cmbx10.pfb></us
r/share/texlive/texmf-dist/fonts/type1/public/amsfonts/cm/cmbx7.pfb></usr/share
/texlive/texmf-dist/fonts/type1/public/amsfonts/cm/cmex10.pfb></usr/share/texli
ve/texmf-dist/fonts/type1/public/amsfonts/cmextra/cmex9.pfb></usr/share/texlive
/texmf-dist/fonts/type1/public/amsfonts/cm/cmmi10.pfb></usr/share/texlive/texmf
-dist/fonts/type1/public/amsfonts/cm/cmmi6.pfb></usr/share/texlive/texmf-dist/f
onts/type1/public/amsfonts/cm/cmmi7.pfb></usr/share/texlive/texmf-dist/fonts/ty
pe1/public/amsfonts/cm/cmmi9.pfb></usr/share/texlive/texmf-dist/fonts/type1/pub
lic/amsfonts/cm/cmr10.pfb></usr/share/texlive/texmf-dist/fonts/type1/public/ams
fonts/cm/cmr6.pfb></usr/share/texlive/texmf-dist/fonts/type1/public/amsfonts/cm
/cmr7.pfb></usr/share/texlive/texmf-dist/fonts/type1/public/amsfonts/cm/cmr8.pf
b></usr/share/texlive/texmf-dist/fonts/type1/public/amsfonts/cm/cmr9.pfb></usr/
share/texlive/texmf-dist/fonts/type1/public/amsfonts/cm/cmss10.pfb></usr/share/
texlive/texmf-dist/fonts/type1/public/amsfonts/cm/cmss8.pfb></usr/share/texlive
/texmf-dist/fonts/type1/public/amsfonts/cm/cmssbx10.pfb></usr/share/texlive/tex
mf-dist/fonts/type1/public/amsfonts/cm/cmsy10.pfb></usr/share/texlive/texmf-dis
t/fonts/type1/public/amsfonts/cm/cmsy6.pfb></usr/share/texlive/texmf-dist/fonts
/type1/public/amsfonts/cm/cmsy7.pfb></usr/share/texlive/texmf-dist/fonts/type1/
public/amsfonts/cm/cmti10.pfb></usr/share/texlive/texmf-dist/fonts/type1/public
/amsfonts/cm/cmti8.pfb></usr/share/texlive/texmf-dist/fonts/type1/public/amsfon
ts/cm/cmti9.pfb></usr/share/texlive/texmf-dist/fonts/type1/public/amsfonts/cm/c
mtt8.pfb>
Output written on aipsamp_arxiv.pdf (8 pages, 2686523 bytes).
PDF statistics:
 1614 PDF objects out of 1728 (max. 8388607)
 1070 compressed objects within 11 object streams
 0 named destinations out of 1000 (max. 500000)
 101 words of extra memory for PDF output out of 10000 (max. 10000000)

