This is pdfTeX, Version 3.14159265-2.6-1.40.20 (TeX Live 2019/Debian) (preloaded format=pdflatex 2019.10.18)  8 NOV 2019 12:49
entering extended mode
 restricted \write18 enabled.
 %&-line parsing enabled.
**paper2.tex
(./paper2.tex
LaTeX2e <2018-12-01>
(/usr/share/texlive/texmf-dist/tex/latex/revtex/revtex4-1.cls
Document Class: revtex4-1 2010/07/25/20:33:00 4.1r (http://publish.aps.org/revt
ex4/ for documentation)
 Copyright (c) 2009 The American Physical Society.
 mailto:revtex@aps.org
 Licensed under the LPPL:
http://www.ctan.org/tex-archive/macros/latex/base/lppl.txt
 Arthur Ogawa <arthur_ogawa at sbcglobal dot net>
 Based on work by David Carlisle <david at dcarlisle.demon.co.uk>.
ltxutil[2010/07/25/20:33:00 4.1r utilities package (portions licensed from W. E
. Baxter web at superscript.com)]
LaTeX Info: Redefining \@centercr on input line 308.
Class revtex4-1 Info: Repairing broken LaTeX eqnarray on input line 358.
\eqncolsep=\skip41
Class revtex4-1 Info: Repairing hyperref-unfriendly LaTeX definition of \mpfoot
note on input line 433.
Class revtex4-1 Info: Repairing broken LateX \@sect on input line 755.
\intertabularlinepenalty=\count80
\@tbpen=\count81
\@arstrutbox@hline=\box27
Class revtex4-1 Info: Repairing broken LaTeX \@xbitor on input line 1786.
Class revtex4-1 Info: Making \typeout \long on input line 2046.
ltxfront[2010/07/25/20:33:00 4.1r frontmatter package (AO,DPC)]
\c@affil=\count82
\c@collab=\count83
\absbox=\box28
ltxgrid[2010/07/25/20:33:00 4.1r page grid package (portions licensed from W. E
. Baxter web at superscript.com)]
\c@linecount=\count84
\output@latex=\toks14
\box@size@1=\box29
\box@size@2=\box30
\@protection@box=\box31
\@topmark@saved=\toks15
\footins@saved=\box32
\footins@recovered=\box33
\column@recovered=\box34
\pagesofar=\box35
\footsofar=\box36
\pagegrid@col=\count85
Class revtex4-1 Info: Overriding \@vspace, \@vspacer, \@no@pgbk, \@newline, and
 \\  on input line 5578.
\c@part=\count86
\c@section=\count87
\c@subsection=\count88
\c@subsubsection=\count89
\c@paragraph=\count90
\c@subparagraph=\count91
\abovecaptionskip=\skip42
\belowcaptionskip=\skip43
\c@figure=\count92
\fbox@1=\box37
\c@table=\count93
\fbox@2=\box38
\c@video=\count94
\fbox@4=\box39
\@bibdataout=\write3
\widetext@top=\box40
\widetext@bot=\box41
Class revtex4-1 Info: Selecting society aip on input line 7542.
(/usr/share/texlive/texmf-dist/tex/latex/revtex/aip4-1.rtx
File: aip4-1.rtx 2010/07/25 4.1r AIP substyle for REVTeX
Class revtex4-1 Info: RevTeX society AIP selected on input line 67.
)
Class revtex4-1 Info: Selecting journal pop on input line 7544.

Using journal substyle pop.
Class revtex4-1 Info: Reading file aps10pt4-1.rtx on input line 7547.
(/usr/share/texlive/texmf-dist/tex/latex/revtex/aps10pt4-1.rtx
File: aps10pt4-1 2010/07/25/20:33:00 4.1r (http://publish.aps.org/revtex4/ for 
documentation)
Class revtex4-1 Info: RevTeX pointsize 10pt selected on input line 30.
)
Class revtex4-1 Info: Overriding 10pt on input line 7547.

(/usr/share/texlive/texmf-dist/tex/latex/textcase/textcase.sty
Package: textcase 2019/09/14 v1.00 Text only upper/lower case changing (DPC)
)
(/usr/share/texlive/texmf-dist/tex/latex/amsfonts/amssymb.sty
Package: amssymb 2013/01/14 v3.01 AMS font symbols

(/usr/share/texlive/texmf-dist/tex/latex/amsfonts/amsfonts.sty
Package: amsfonts 2013/01/14 v3.01 Basic AMSFonts support
\@emptytoks=\toks16
\symAMSa=\mathgroup4
\symAMSb=\mathgroup5
LaTeX Font Info:    Overwriting math alphabet `\mathfrak' in version `bold'
(Font)                  U/euf/m/n --> U/euf/b/n on input line 106.
))
(/usr/share/texlive/texmf-dist/tex/latex/amsmath/amsmath.sty
Package: amsmath 2018/12/01 v2.17b AMS math features
\@mathmargin=\skip44

For additional information on amsmath, use the `?' option.
(/usr/share/texlive/texmf-dist/tex/latex/amsmath/amstext.sty
Package: amstext 2000/06/29 v2.01 AMS text

(/usr/share/texlive/texmf-dist/tex/latex/amsmath/amsgen.sty
File: amsgen.sty 1999/11/30 v2.0 generic functions
\@emptytoks=\toks17
\ex@=\dimen102
)
LaTeX Info: Redefining \text on input line 28.
)
(/usr/share/texlive/texmf-dist/tex/latex/amsmath/amsbsy.sty
Package: amsbsy 1999/11/29 v1.2d Bold Symbols
\pmbraise@=\dimen103
)
(/usr/share/texlive/texmf-dist/tex/latex/amsmath/amsopn.sty
Package: amsopn 2016/03/08 v2.02 operator names
)
\inf@bad=\count95
LaTeX Info: Redefining \frac on input line 223.
\uproot@=\count96
\leftroot@=\count97
LaTeX Info: Redefining \overline on input line 385.
\classnum@=\count98
\DOTSCASE@=\count99
LaTeX Info: Redefining \ldots on input line 482.
LaTeX Info: Redefining \dots on input line 485.
LaTeX Info: Redefining \cdots on input line 606.
\Mathstrutbox@=\box42
\strutbox@=\box43
\big@size=\dimen104
LaTeX Font Info:    Redeclaring font encoding OML on input line 729.
LaTeX Font Info:    Redeclaring font encoding OMS on input line 730.
\macc@depth=\count100
\c@MaxMatrixCols=\count101
\dotsspace@=\muskip10
\c@parentequation=\count102
\dspbrk@lvl=\count103
\tag@help=\toks18
\row@=\count104
\column@=\count105
\maxfields@=\count106
\andhelp@=\toks19
\eqnshift@=\dimen105
\alignsep@=\dimen106
\tagshift@=\dimen107
\tagwidth@=\dimen108
\totwidth@=\dimen109
\lineht@=\dimen110
\@envbody=\toks20
\multlinegap=\skip45
\multlinetaggap=\skip46
\mathdisplay@stack=\toks21
LaTeX Info: Redefining \[ on input line 2844.
LaTeX Info: Redefining \] on input line 2845.
)
(/usr/share/texlive/texmf-dist/tex/latex/url/url.sty
\Urlmuskip=\muskip11
Package: url 2013/09/16  ver 3.4  Verb mode for urls, etc.
)
(/usr/share/texlive/texmf-dist/tex/latex/natbib/natbib.sty
Package: natbib 2010/09/13 8.31b (PWD, AO)
\bibhang=\skip47
\bibsep=\skip48
LaTeX Info: Redefining \cite on input line 694.
\c@NAT@ctr=\count107
)
Class revtex4-1 Info: Repairing natbib's \BibitemShut on input line 7549.

(/usr/share/texlive/texmf-dist/tex/latex/revtex/revsymb4-1.sty
Package: revsymb4-1 2010/07/25/20:33:00 4.1r (http://publish.aps.org/revtex4/ f
or documentation)
LaTeX Info: Redefining \frak on input line 95.
LaTeX Info: Redefining \Bbb on input line 111.
LaTeX Info: Redefining \REV@mathfrak on input line 119.
))
(/usr/share/texlive/texmf-dist/tex/latex/graphics/graphicx.sty
Package: graphicx 2017/06/01 v1.1a Enhanced LaTeX Graphics (DPC,SPQR)

(/usr/share/texlive/texmf-dist/tex/latex/graphics/keyval.sty
Package: keyval 2014/10/28 v1.15 key=value parser (DPC)
\KV@toks@=\toks22
)
(/usr/share/texlive/texmf-dist/tex/latex/graphics/graphics.sty
Package: graphics 2017/06/25 v1.2c Standard LaTeX Graphics (DPC,SPQR)

(/usr/share/texlive/texmf-dist/tex/latex/graphics/trig.sty
Package: trig 2016/01/03 v1.10 sin cos tan (DPC)
)
(/usr/share/texlive/texmf-dist/tex/latex/graphics-cfg/graphics.cfg
File: graphics.cfg 2016/06/04 v1.11 sample graphics configuration
)
Package graphics Info: Driver file: pdftex.def on input line 99.

(/usr/share/texlive/texmf-dist/tex/latex/graphics-def/pdftex.def
File: pdftex.def 2018/01/08 v1.0l Graphics/color driver for pdftex
))
\Gin@req@height=\dimen111
\Gin@req@width=\dimen112
)
(/usr/share/texlive/texmf-dist/tex/latex/subfigure/subfigure.sty
Package: subfigure 2002/03/15 v2.1.5 subfigure package
\subfigtopskip=\skip49
\subfigcapskip=\skip50
\subfigcaptopadj=\dimen113
\subfigbottomskip=\skip51
\subfigcapmargin=\dimen114
\subfiglabelskip=\skip52
\c@subfigure=\count108
\c@lofdepth=\count109
\c@subtable=\count110
\c@lotdepth=\count111

****************************************
* Local config file subfigure.cfg used *
****************************************
(/usr/share/texlive/texmf-dist/tex/latex/subfigure/subfigure.cfg)
\subfig@top=\skip53
\subfig@bottom=\skip54
)
(/usr/share/texlive/texmf-dist/tex/latex/xcolor/xcolor.sty
Package: xcolor 2016/05/11 v2.12 LaTeX color extensions (UK)

(/usr/share/texlive/texmf-dist/tex/latex/graphics-cfg/color.cfg
File: color.cfg 2016/01/02 v1.6 sample color configuration
)
Package xcolor Info: Driver file: pdftex.def on input line 225.
Package xcolor Info: Model `cmy' substituted by `cmy0' on input line 1348.
Package xcolor Info: Model `hsb' substituted by `rgb' on input line 1352.
Package xcolor Info: Model `RGB' extended on input line 1364.
Package xcolor Info: Model `HTML' substituted by `rgb' on input line 1366.
Package xcolor Info: Model `Hsb' substituted by `hsb' on input line 1367.
Package xcolor Info: Model `tHsb' substituted by `hsb' on input line 1368.
Package xcolor Info: Model `HSB' substituted by `hsb' on input line 1369.
Package xcolor Info: Model `Gray' substituted by `gray' on input line 1370.
Package xcolor Info: Model `wave' substituted by `hsb' on input line 1371.
)
(/usr/share/texlive/texmf-dist/tex/latex/cancel/cancel.sty
Package: cancel 2013/04/12 v2.2 Cancel math terms
)
(/usr/share/texlive/texmf-dist/tex/latex/cleveref/cleveref.sty
Package: cleveref 2018/03/27 v0.21.4 Intelligent cross-referencing
)
Class revtex4-1 Info: Patching LaTeX tabular. on input line 17.
Class revtex4-1 Info: Robustifying \LaTeX's \boldmath command on input line 17.

Class revtex4-1 Info: cite was not loaded (OK!) on input line 17.
Class revtex4-1 Info: mcite was not loaded (OK!) on input line 17.
Class revtex4-1 Info: multicol was not loaded (OK!) on input line 17.
 (./paper2.aux)
\openout1 = `paper2.aux'.

LaTeX Font Info:    Checking defaults for OML/cmm/m/it on input line 17.
LaTeX Font Info:    ... okay on input line 17.
LaTeX Font Info:    Checking defaults for T1/cmr/m/n on input line 17.
LaTeX Font Info:    ... okay on input line 17.
LaTeX Font Info:    Checking defaults for OT1/cmr/m/n on input line 17.
LaTeX Font Info:    ... okay on input line 17.
LaTeX Font Info:    Checking defaults for OMS/cmsy/m/n on input line 17.
LaTeX Font Info:    ... okay on input line 17.
LaTeX Font Info:    Checking defaults for OMX/cmex/m/n on input line 17.
LaTeX Font Info:    ... okay on input line 17.
LaTeX Font Info:    Checking defaults for U/cmr/m/n on input line 17.
LaTeX Font Info:    ... okay on input line 17.

(/usr/share/texlive/texmf-dist/tex/context/base/mkii/supp-pdf.mkii
[Loading MPS to PDF converter (version 2006.09.02).]
\scratchcounter=\count112
\scratchdimen=\dimen115
\scratchbox=\box44
\nofMPsegments=\count113
\nofMParguments=\count114
\everyMPshowfont=\toks23
\MPscratchCnt=\count115
\MPscratchDim=\dimen116
\MPnumerator=\count116
\makeMPintoPDFobject=\count117
\everyMPtoPDFconversion=\toks24
) (/usr/share/texlive/texmf-dist/tex/latex/oberdiek/epstopdf-base.sty
Package: epstopdf-base 2016/05/15 v2.6 Base part for package epstopdf

(/usr/share/texlive/texmf-dist/tex/generic/oberdiek/infwarerr.sty
Package: infwarerr 2016/05/16 v1.4 Providing info/warning/error messages (HO)
)
(/usr/share/texlive/texmf-dist/tex/latex/oberdiek/grfext.sty
Package: grfext 2016/05/16 v1.2 Manage graphics extensions (HO)

(/usr/share/texlive/texmf-dist/tex/generic/oberdiek/kvdefinekeys.sty
Package: kvdefinekeys 2016/05/16 v1.4 Define keys (HO)

(/usr/share/texlive/texmf-dist/tex/generic/oberdiek/ltxcmds.sty
Package: ltxcmds 2016/05/16 v1.23 LaTeX kernel commands for general use (HO)
)))
(/usr/share/texlive/texmf-dist/tex/latex/oberdiek/kvoptions.sty
Package: kvoptions 2016/05/16 v3.12 Key value format for package options (HO)

(/usr/share/texlive/texmf-dist/tex/generic/oberdiek/kvsetkeys.sty
Package: kvsetkeys 2016/05/16 v1.17 Key value parser (HO)

(/usr/share/texlive/texmf-dist/tex/generic/oberdiek/etexcmds.sty
Package: etexcmds 2016/05/16 v1.6 Avoid name clashes with e-TeX commands (HO)

(/usr/share/texlive/texmf-dist/tex/generic/oberdiek/ifluatex.sty
Package: ifluatex 2016/05/16 v1.4 Provides the ifluatex switch (HO)
Package ifluatex Info: LuaTeX not detected.
))))
(/usr/share/texlive/texmf-dist/tex/generic/oberdiek/pdftexcmds.sty
Package: pdftexcmds 2019/07/25 v0.30 Utility functions of pdfTeX for LuaTeX (HO
)

(/usr/share/texlive/texmf-dist/tex/generic/oberdiek/ifpdf.sty
Package: ifpdf 2018/09/07 v3.3 Provides the ifpdf switch
)
Package pdftexcmds Info: LuaTeX not detected.
Package pdftexcmds Info: \pdf@primitive is available.
Package pdftexcmds Info: \pdf@ifprimitive is available.
Package pdftexcmds Info: \pdfdraftmode found.
)
Package epstopdf-base Info: Redefining graphics rule for `.eps' on input line 4
38.
Package grfext Info: Graphics extension search list:
(grfext)             [.pdf,.png,.jpg,.mps,.jpeg,.jbig2,.jb2,.PDF,.PNG,.JPG,.JPE
G,.JBIG2,.JB2,.eps]
(grfext)             \AppendGraphicsExtensions on input line 456.

(/usr/share/texlive/texmf-dist/tex/latex/latexconfig/epstopdf-sys.cfg
File: epstopdf-sys.cfg 2010/07/13 v1.3 Configuration of (r)epstopdf for TeX Liv
e
))
\openout3 = `paper2Notes.bib'.

LaTeX Font Info:    Try loading font information for U+msa on input line 74.

(/usr/share/texlive/texmf-dist/tex/latex/amsfonts/umsa.fd
File: umsa.fd 2013/01/14 v3.01 AMS symbols A
)
LaTeX Font Info:    Try loading font information for U+msb on input line 74.

(/usr/share/texlive/texmf-dist/tex/latex/amsfonts/umsb.fd
File: umsb.fd 2013/01/14 v3.01 AMS symbols B
)
Underfull \hbox (badness 1173) in paragraph at lines 138--163
\OT1/cmr/m/n/10 netic field and the amount of cross-helicity in the
 []

[1{/var/lib/texmf/fonts/map/pdftex/updmap/pdftex.map}] [2]
Package epstopdf Info: Source file: <./figs/fig1_E.eps>
(epstopdf)                    date: 2019-09-30 16:18:41
(epstopdf)                    size: 69913 bytes
(epstopdf)             Output file: <./figs/fig1_E-eps-converted-to.pdf>
(epstopdf)                    date: 2019-11-08 12:47:45
(epstopdf)                    size: 21980 bytes
(epstopdf)             Command: <repstopdf --outfile=./figs/fig1_E-eps-converte
d-to.pdf ./figs/fig1_E.eps>
(epstopdf)             \includegraphics on input line 368.
Package epstopdf Info: Output file is already uptodate.
<./figs/fig1_E-eps-converted-to.pdf, id=25, 867.24pt x 650.43pt>
File: ./figs/fig1_E-eps-converted-to.pdf Graphic file (type pdf)
<use ./figs/fig1_E-eps-converted-to.pdf>
Package pdftex.def Info: ./figs/fig1_E-eps-converted-to.pdf  used on input line
 368.
(pdftex.def)             Requested size: 246.0pt x 184.49117pt.

Underfull \hbox (badness 3078) in paragraph at lines 389--403
[]\OT1/cmr/m/n/10 The Fourier trans-form in the time lag of the
 []


Underfull \hbox (badness 3449) in paragraph at lines 389--403
\OT1/cmr/m/n/10 scale-dependent cor-re-la-tion func-tion re-sults in the
 []

[3 <./figs/fig1_E-eps-converted-to.pdf>]
Package epstopdf Info: Source file: <./figs/fig2_B0_Hc03.eps>
(epstopdf)                    date: 2019-09-30 16:18:42
(epstopdf)                    size: 358526 bytes
(epstopdf)             Output file: <./figs/fig2_B0_Hc03-eps-converted-to.pdf>
(epstopdf)                    date: 2019-11-08 12:47:46
(epstopdf)                    size: 135655 bytes
(epstopdf)             Command: <repstopdf --outfile=./figs/fig2_B0_Hc03-eps-co
nverted-to.pdf ./figs/fig2_B0_Hc03.eps>
(epstopdf)             \includegraphics on input line 419.
Package epstopdf Info: Output file is already uptodate.
<./figs/fig2_B0_Hc03-eps-converted-to.pdf, id=76, 867.24pt x 650.43pt>
File: ./figs/fig2_B0_Hc03-eps-converted-to.pdf Graphic file (type pdf)
<use ./figs/fig2_B0_Hc03-eps-converted-to.pdf>
Package pdftex.def Info: ./figs/fig2_B0_Hc03-eps-converted-to.pdf  used on inpu
t line 419.
(pdftex.def)             Requested size: 244.79782pt x 183.59795pt.
Package epstopdf Info: Source file: <./figs/fig2_B1_Hc03.eps>
(epstopdf)                    date: 2019-09-30 16:18:42
(epstopdf)                    size: 374522 bytes
(epstopdf)             Output file: <./figs/fig2_B1_Hc03-eps-converted-to.pdf>
(epstopdf)                    date: 2019-11-08 12:47:47
(epstopdf)                    size: 148562 bytes
(epstopdf)             Command: <repstopdf --outfile=./figs/fig2_B1_Hc03-eps-co
nverted-to.pdf ./figs/fig2_B1_Hc03.eps>
(epstopdf)             \includegraphics on input line 420.
Package epstopdf Info: Output file is already uptodate.
<./figs/fig2_B1_Hc03-eps-converted-to.pdf, id=77, 867.24pt x 650.43pt>
File: ./figs/fig2_B1_Hc03-eps-converted-to.pdf Graphic file (type pdf)
<use ./figs/fig2_B1_Hc03-eps-converted-to.pdf>
Package pdftex.def Info: ./figs/fig2_B1_Hc03-eps-converted-to.pdf  used on inpu
t line 420.
(pdftex.def)             Requested size: 244.79782pt x 183.59795pt.
Package epstopdf Info: Source file: <./figs/fig2_B4_Hc03.eps>
(epstopdf)                    date: 2019-09-30 16:18:43
(epstopdf)                    size: 342591 bytes
(epstopdf)             Output file: <./figs/fig2_B4_Hc03-eps-converted-to.pdf>
(epstopdf)                    date: 2019-11-08 12:47:48
(epstopdf)                    size: 145898 bytes
(epstopdf)             Command: <repstopdf --outfile=./figs/fig2_B4_Hc03-eps-co
nverted-to.pdf ./figs/fig2_B4_Hc03.eps>
(epstopdf)             \includegraphics on input line 421.
Package epstopdf Info: Output file is already uptodate.
<./figs/fig2_B4_Hc03-eps-converted-to.pdf, id=78, 867.24pt x 650.43pt>
File: ./figs/fig2_B4_Hc03-eps-converted-to.pdf Graphic file (type pdf)
<use ./figs/fig2_B4_Hc03-eps-converted-to.pdf>
Package pdftex.def Info: ./figs/fig2_B4_Hc03-eps-converted-to.pdf  used on inpu
t line 421.
(pdftex.def)             Requested size: 244.79782pt x 183.59795pt.
Package epstopdf Info: Source file: <./figs/fig2_B8_Hc03.eps>
(epstopdf)                    date: 2019-09-30 16:18:43
(epstopdf)                    size: 312132 bytes
(epstopdf)             Output file: <./figs/fig2_B8_Hc03-eps-converted-to.pdf>
(epstopdf)                    date: 2019-11-08 12:47:49
(epstopdf)                    size: 138591 bytes
(epstopdf)             Command: <repstopdf --outfile=./figs/fig2_B8_Hc03-eps-co
nverted-to.pdf ./figs/fig2_B8_Hc03.eps>
(epstopdf)             \includegraphics on input line 422.
Package epstopdf Info: Output file is already uptodate.
<./figs/fig2_B8_Hc03-eps-converted-to.pdf, id=79, 867.24pt x 650.43pt>
File: ./figs/fig2_B8_Hc03-eps-converted-to.pdf Graphic file (type pdf)
<use ./figs/fig2_B8_Hc03-eps-converted-to.pdf>
Package pdftex.def Info: ./figs/fig2_B8_Hc03-eps-converted-to.pdf  used on inpu
t line 422.
(pdftex.def)             Requested size: 244.79782pt x 183.59795pt.
Package epstopdf Info: Source file: <./figs/fig3_B0.0_y_Hc0.3_zm_kperp0.eps>
(epstopdf)                    date: 2019-09-30 16:18:43
(epstopdf)                    size: 3586771 bytes
(epstopdf)             Output file: <./figs/fig3_B0.0_y_Hc0.3_zm_kperp0-eps-con
verted-to.pdf>
(epstopdf)                    date: 2019-11-08 12:47:51
(epstopdf)                    size: 52930 bytes
(epstopdf)             Command: <repstopdf --outfile=./figs/fig3_B0.0_y_Hc0.3_z
m_kperp0-eps-converted-to.pdf ./figs/fig3_B0.0_y_Hc0.3_zm_kperp0.eps>
(epstopdf)             \includegraphics on input line 455.
Package epstopdf Info: Output file is already uptodate.
<./figs/fig3_B0.0_y_Hc0.3_zm_kperp0-eps-converted-to.pdf, id=80, 867.24pt x 650
.43pt>
File: ./figs/fig3_B0.0_y_Hc0.3_zm_kperp0-eps-converted-to.pdf Graphic file (typ
e pdf)
<use ./figs/fig3_B0.0_y_Hc0.3_zm_kperp0-eps-converted-to.pdf>
Package pdftex.def Info: ./figs/fig3_B0.0_y_Hc0.3_zm_kperp0-eps-converted-to.pd
f  used on input line 455.
(pdftex.def)             Requested size: 229.49844pt x 172.115pt.
Package epstopdf Info: Source file: <./figs/fig3_B0.0_y_Hc0.3_zp_kperp0.eps>
(epstopdf)                    date: 2019-09-30 16:18:43
(epstopdf)                    size: 3586715 bytes
(epstopdf)             Output file: <./figs/fig3_B0.0_y_Hc0.3_zp_kperp0-eps-con
verted-to.pdf>
(epstopdf)                    date: 2019-11-08 12:47:54
(epstopdf)                    size: 83084 bytes
(epstopdf)             Command: <repstopdf --outfile=./figs/fig3_B0.0_y_Hc0.3_z
p_kperp0-eps-converted-to.pdf ./figs/fig3_B0.0_y_Hc0.3_zp_kperp0.eps>
(epstopdf)             \includegraphics on input line 456.
Package epstopdf Info: Output file is already uptodate.
<./figs/fig3_B0.0_y_Hc0.3_zp_kperp0-eps-converted-to.pdf, id=81, 867.24pt x 650
.43pt>
File: ./figs/fig3_B0.0_y_Hc0.3_zp_kperp0-eps-converted-to.pdf Graphic file (typ
e pdf)
<use ./figs/fig3_B0.0_y_Hc0.3_zp_kperp0-eps-converted-to.pdf>
Package pdftex.def Info: ./figs/fig3_B0.0_y_Hc0.3_zp_kperp0-eps-converted-to.pd
f  used on input line 456.
(pdftex.def)             Requested size: 229.49844pt x 172.115pt.
Package epstopdf Info: Source file: <./figs/fig3_B0.0_y_Hc0.9_zm_kperp0.eps>
(epstopdf)                    date: 2019-09-30 16:18:43
(epstopdf)                    size: 3588730 bytes
(epstopdf)             Output file: <./figs/fig3_B0.0_y_Hc0.9_zm_kperp0-eps-con
verted-to.pdf>
(epstopdf)                    date: 2019-11-08 12:47:57
(epstopdf)                    size: 36998 bytes
(epstopdf)             Command: <repstopdf --outfile=./figs/fig3_B0.0_y_Hc0.9_z
m_kperp0-eps-converted-to.pdf ./figs/fig3_B0.0_y_Hc0.9_zm_kperp0.eps>
(epstopdf)             \includegraphics on input line 457.
Package epstopdf Info: Output file is already uptodate.
<./figs/fig3_B0.0_y_Hc0.9_zm_kperp0-eps-converted-to.pdf, id=82, 867.24pt x 650
.43pt>
File: ./figs/fig3_B0.0_y_Hc0.9_zm_kperp0-eps-converted-to.pdf Graphic file (typ
e pdf)
<use ./figs/fig3_B0.0_y_Hc0.9_zm_kperp0-eps-converted-to.pdf>
Package pdftex.def Info: ./figs/fig3_B0.0_y_Hc0.9_zm_kperp0-eps-converted-to.pd
f  used on input line 457.
(pdftex.def)             Requested size: 229.49844pt x 172.115pt.
Package epstopdf Info: Source file: <./figs/fig3_B0.0_y_Hc0.9_zp_kperp0.eps>
(epstopdf)                    date: 2019-09-30 16:18:43
(epstopdf)                    size: 3588674 bytes
(epstopdf)             Output file: <./figs/fig3_B0.0_y_Hc0.9_zp_kperp0-eps-con
verted-to.pdf>
(epstopdf)                    date: 2019-11-08 12:47:59
(epstopdf)                    size: 60931 bytes
(epstopdf)             Command: <repstopdf --outfile=./figs/fig3_B0.0_y_Hc0.9_z
p_kperp0-eps-converted-to.pdf ./figs/fig3_B0.0_y_Hc0.9_zp_kperp0.eps>
(epstopdf)             \includegraphics on input line 458.
Package epstopdf Info: Output file is already uptodate.
<./figs/fig3_B0.0_y_Hc0.9_zp_kperp0-eps-converted-to.pdf, id=83, 867.24pt x 650
.43pt>
File: ./figs/fig3_B0.0_y_Hc0.9_zp_kperp0-eps-converted-to.pdf Graphic file (typ
e pdf)
<use ./figs/fig3_B0.0_y_Hc0.9_zp_kperp0-eps-converted-to.pdf>
Package pdftex.def Info: ./figs/fig3_B0.0_y_Hc0.9_zp_kperp0-eps-converted-to.pd
f  used on input line 458.
(pdftex.def)             Requested size: 229.49844pt x 172.115pt.
Package epstopdf Info: Source file: <./figs/fig3_B0.25_y_Hc0.0_zm_kperp0.eps>
(epstopdf)                    date: 2019-09-30 16:18:43
(epstopdf)                    size: 3586784 bytes
(epstopdf)             Output file: <./figs/fig3_B0.25_y_Hc0.0_zm_kperp0-eps-co
nverted-to.pdf>
(epstopdf)                    date: 2019-11-08 12:48:02
(epstopdf)                    size: 49928 bytes
(epstopdf)             Command: <repstopdf --outfile=./figs/fig3_B0.25_y_Hc0.0_
zm_kperp0-eps-converted-to.pdf ./figs/fig3_B0.25_y_Hc0.0_zm_kperp0.eps>
(epstopdf)             \includegraphics on input line 527.
Package epstopdf Info: Output file is already uptodate.
<./figs/fig3_B0.25_y_Hc0.0_zm_kperp0-eps-converted-to.pdf, id=84, 867.24pt x 65
0.43pt>
File: ./figs/fig3_B0.25_y_Hc0.0_zm_kperp0-eps-converted-to.pdf Graphic file (ty
pe pdf)
<use ./figs/fig3_B0.25_y_Hc0.0_zm_kperp0-eps-converted-to.pdf>
Package pdftex.def Info: ./figs/fig3_B0.25_y_Hc0.0_zm_kperp0-eps-converted-to.p
df  used on input line 527.
(pdftex.def)             Requested size: 229.49844pt x 172.115pt.
Package epstopdf Info: Source file: <./figs/fig3_B0.25_y_Hc0.0_zp_kperp0.eps>
(epstopdf)                    date: 2019-09-30 16:18:43
(epstopdf)                    size: 3586728 bytes
(epstopdf)             Output file: <./figs/fig3_B0.25_y_Hc0.0_zp_kperp0-eps-co
nverted-to.pdf>
(epstopdf)                    date: 2019-11-08 12:48:04
(epstopdf)                    size: 56469 bytes
(epstopdf)             Command: <repstopdf --outfile=./figs/fig3_B0.25_y_Hc0.0_
zp_kperp0-eps-converted-to.pdf ./figs/fig3_B0.25_y_Hc0.0_zp_kperp0.eps>
(epstopdf)             \includegraphics on input line 528.
Package epstopdf Info: Output file is already uptodate.
<./figs/fig3_B0.25_y_Hc0.0_zp_kperp0-eps-converted-to.pdf, id=85, 867.24pt x 65
0.43pt>
File: ./figs/fig3_B0.25_y_Hc0.0_zp_kperp0-eps-converted-to.pdf Graphic file (ty
pe pdf)
<use ./figs/fig3_B0.25_y_Hc0.0_zp_kperp0-eps-converted-to.pdf>
Package pdftex.def Info: ./figs/fig3_B0.25_y_Hc0.0_zp_kperp0-eps-converted-to.p
df  used on input line 528.
(pdftex.def)             Requested size: 229.49844pt x 172.115pt.
Package epstopdf Info: Source file: <./figs/fig3_B0.25_y_Hc0.3_zm_kperp0.eps>
(epstopdf)                    date: 2019-09-30 16:18:43
(epstopdf)                    size: 3586784 bytes
(epstopdf)             Output file: <./figs/fig3_B0.25_y_Hc0.3_zm_kperp0-eps-co
nverted-to.pdf>
(epstopdf)                    date: 2019-11-08 12:48:07
(epstopdf)                    size: 44586 bytes
(epstopdf)             Command: <repstopdf --outfile=./figs/fig3_B0.25_y_Hc0.3_
zm_kperp0-eps-converted-to.pdf ./figs/fig3_B0.25_y_Hc0.3_zm_kperp0.eps>
(epstopdf)             \includegraphics on input line 529.
Package epstopdf Info: Output file is already uptodate.
<./figs/fig3_B0.25_y_Hc0.3_zm_kperp0-eps-converted-to.pdf, id=86, 867.24pt x 65
0.43pt>
File: ./figs/fig3_B0.25_y_Hc0.3_zm_kperp0-eps-converted-to.pdf Graphic file (ty
pe pdf)
<use ./figs/fig3_B0.25_y_Hc0.3_zm_kperp0-eps-converted-to.pdf>
Package pdftex.def Info: ./figs/fig3_B0.25_y_Hc0.3_zm_kperp0-eps-converted-to.p
df  used on input line 529.
(pdftex.def)             Requested size: 229.49844pt x 172.115pt.
Package epstopdf Info: Source file: <./figs/fig3_B0.25_y_Hc0.3_zp_kperp0.eps>
(epstopdf)                    date: 2019-09-30 16:18:43
(epstopdf)                    size: 3586728 bytes
(epstopdf)             Output file: <./figs/fig3_B0.25_y_Hc0.3_zp_kperp0-eps-co
nverted-to.pdf>
(epstopdf)                    date: 2019-11-08 12:48:09
(epstopdf)                    size: 74152 bytes
(epstopdf)             Command: <repstopdf --outfile=./figs/fig3_B0.25_y_Hc0.3_
zp_kperp0-eps-converted-to.pdf ./figs/fig3_B0.25_y_Hc0.3_zp_kperp0.eps>
(epstopdf)             \includegraphics on input line 530.
Package epstopdf Info: Output file is already uptodate.
<./figs/fig3_B0.25_y_Hc0.3_zp_kperp0-eps-converted-to.pdf, id=87, 867.24pt x 65
0.43pt>
File: ./figs/fig3_B0.25_y_Hc0.3_zp_kperp0-eps-converted-to.pdf Graphic file (ty
pe pdf)
<use ./figs/fig3_B0.25_y_Hc0.3_zp_kperp0-eps-converted-to.pdf>
Package pdftex.def Info: ./figs/fig3_B0.25_y_Hc0.3_zp_kperp0-eps-converted-to.p
df  used on input line 530.
(pdftex.def)             Requested size: 229.49844pt x 172.115pt.
Package epstopdf Info: Source file: <./figs/fig3_B0.25_y_Hc0.9_zm_kperp0.eps>
(epstopdf)                    date: 2019-09-30 16:18:43
(epstopdf)                    size: 3588739 bytes
(epstopdf)             Output file: <./figs/fig3_B0.25_y_Hc0.9_zm_kperp0-eps-co
nverted-to.pdf>
(epstopdf)                    date: 2019-11-08 12:48:12
(epstopdf)                    size: 41894 bytes
(epstopdf)             Command: <repstopdf --outfile=./figs/fig3_B0.25_y_Hc0.9_
zm_kperp0-eps-converted-to.pdf ./figs/fig3_B0.25_y_Hc0.9_zm_kperp0.eps>
(epstopdf)             \includegraphics on input line 531.
Package epstopdf Info: Output file is already uptodate.
<./figs/fig3_B0.25_y_Hc0.9_zm_kperp0-eps-converted-to.pdf, id=88, 867.24pt x 65
0.43pt>
File: ./figs/fig3_B0.25_y_Hc0.9_zm_kperp0-eps-converted-to.pdf Graphic file (ty
pe pdf)
<use ./figs/fig3_B0.25_y_Hc0.9_zm_kperp0-eps-converted-to.pdf>
Package pdftex.def Info: ./figs/fig3_B0.25_y_Hc0.9_zm_kperp0-eps-converted-to.p
df  used on input line 531.
(pdftex.def)             Requested size: 229.49844pt x 172.115pt.
Package epstopdf Info: Source file: <./figs/fig3_B0.25_y_Hc0.9_zp_kperp0.eps>
(epstopdf)                    date: 2019-09-30 16:18:43
(epstopdf)                    size: 3588687 bytes
(epstopdf)             Output file: <./figs/fig3_B0.25_y_Hc0.9_zp_kperp0-eps-co
nverted-to.pdf>
(epstopdf)                    date: 2019-11-08 12:48:14
(epstopdf)                    size: 68132 bytes
(epstopdf)             Command: <repstopdf --outfile=./figs/fig3_B0.25_y_Hc0.9_
zp_kperp0-eps-converted-to.pdf ./figs/fig3_B0.25_y_Hc0.9_zp_kperp0.eps>
(epstopdf)             \includegraphics on input line 532.
Package epstopdf Info: Output file is already uptodate.
<./figs/fig3_B0.25_y_Hc0.9_zp_kperp0-eps-converted-to.pdf, id=89, 867.24pt x 65
0.43pt>
File: ./figs/fig3_B0.25_y_Hc0.9_zp_kperp0-eps-converted-to.pdf Graphic file (ty
pe pdf)
<use ./figs/fig3_B0.25_y_Hc0.9_zp_kperp0-eps-converted-to.pdf>
Package pdftex.def Info: ./figs/fig3_B0.25_y_Hc0.9_zp_kperp0-eps-converted-to.p
df  used on input line 532.
(pdftex.def)             Requested size: 229.49844pt x 172.115pt.
Package epstopdf Info: Source file: <./figs/fig3_B1.0_y_Hc0.0_zm_kperp0.eps>
(epstopdf)                    date: 2019-09-30 16:18:43
(epstopdf)                    size: 3586783 bytes
(epstopdf)             Output file: <./figs/fig3_B1.0_y_Hc0.0_zm_kperp0-eps-con
verted-to.pdf>
(epstopdf)                    date: 2019-11-08 12:48:17
(epstopdf)                    size: 59611 bytes
(epstopdf)             Command: <repstopdf --outfile=./figs/fig3_B1.0_y_Hc0.0_z
m_kperp0-eps-converted-to.pdf ./figs/fig3_B1.0_y_Hc0.0_zm_kperp0.eps>
(epstopdf)             \includegraphics on input line 556.
Package epstopdf Info: Output file is already uptodate.
<./figs/fig3_B1.0_y_Hc0.0_zm_kperp0-eps-converted-to.pdf, id=90, 867.24pt x 650
.43pt>
File: ./figs/fig3_B1.0_y_Hc0.0_zm_kperp0-eps-converted-to.pdf Graphic file (typ
e pdf)
<use ./figs/fig3_B1.0_y_Hc0.0_zm_kperp0-eps-converted-to.pdf>
Package pdftex.def Info: ./figs/fig3_B1.0_y_Hc0.0_zm_kperp0-eps-converted-to.pd
f  used on input line 556.
(pdftex.def)             Requested size: 229.49844pt x 172.115pt.
Package epstopdf Info: Source file: <./figs/fig3_B1.0_y_Hc0.0_zp_kperp0.eps>
(epstopdf)                    date: 2019-09-30 16:18:43
(epstopdf)                    size: 3586725 bytes
(epstopdf)             Output file: <./figs/fig3_B1.0_y_Hc0.0_zp_kperp0-eps-con
verted-to.pdf>
(epstopdf)                    date: 2019-11-08 12:48:19
(epstopdf)                    size: 53151 bytes
(epstopdf)             Command: <repstopdf --outfile=./figs/fig3_B1.0_y_Hc0.0_z
p_kperp0-eps-converted-to.pdf ./figs/fig3_B1.0_y_Hc0.0_zp_kperp0.eps>
(epstopdf)             \includegraphics on input line 557.
Package epstopdf Info: Output file is already uptodate.
<./figs/fig3_B1.0_y_Hc0.0_zp_kperp0-eps-converted-to.pdf, id=91, 867.24pt x 650
.43pt>
File: ./figs/fig3_B1.0_y_Hc0.0_zp_kperp0-eps-converted-to.pdf Graphic file (typ
e pdf)
<use ./figs/fig3_B1.0_y_Hc0.0_zp_kperp0-eps-converted-to.pdf>
Package pdftex.def Info: ./figs/fig3_B1.0_y_Hc0.0_zp_kperp0-eps-converted-to.pd
f  used on input line 557.
(pdftex.def)             Requested size: 229.49844pt x 172.115pt.
Package epstopdf Info: Source file: <./figs/fig3_B1.0_y_Hc0.3_zm_kperp0.eps>
(epstopdf)                    date: 2019-09-30 16:18:43
(epstopdf)                    size: 3586783 bytes
(epstopdf)             Output file: <./figs/fig3_B1.0_y_Hc0.3_zm_kperp0-eps-con
verted-to.pdf>
(epstopdf)                    date: 2019-11-08 12:48:22
(epstopdf)                    size: 56646 bytes
(epstopdf)             Command: <repstopdf --outfile=./figs/fig3_B1.0_y_Hc0.3_z
m_kperp0-eps-converted-to.pdf ./figs/fig3_B1.0_y_Hc0.3_zm_kperp0.eps>
(epstopdf)             \includegraphics on input line 558.
Package epstopdf Info: Output file is already uptodate.
<./figs/fig3_B1.0_y_Hc0.3_zm_kperp0-eps-converted-to.pdf, id=92, 867.24pt x 650
.43pt>
File: ./figs/fig3_B1.0_y_Hc0.3_zm_kperp0-eps-converted-to.pdf Graphic file (typ
e pdf)
<use ./figs/fig3_B1.0_y_Hc0.3_zm_kperp0-eps-converted-to.pdf>
Package pdftex.def Info: ./figs/fig3_B1.0_y_Hc0.3_zm_kperp0-eps-converted-to.pd
f  used on input line 558.
(pdftex.def)             Requested size: 229.49844pt x 172.115pt.
Package epstopdf Info: Source file: <./figs/fig3_B1.0_y_Hc0.3_zp_kperp0.eps>
(epstopdf)                    date: 2019-09-30 16:18:43
(epstopdf)                    size: 3586725 bytes
(epstopdf)             Output file: <./figs/fig3_B1.0_y_Hc0.3_zp_kperp0-eps-con
verted-to.pdf>
(epstopdf)                    date: 2019-11-08 12:48:25
(epstopdf)                    size: 75570 bytes
(epstopdf)             Command: <repstopdf --outfile=./figs/fig3_B1.0_y_Hc0.3_z
p_kperp0-eps-converted-to.pdf ./figs/fig3_B1.0_y_Hc0.3_zp_kperp0.eps>
(epstopdf)             \includegraphics on input line 559.
Package epstopdf Info: Output file is already uptodate.
<./figs/fig3_B1.0_y_Hc0.3_zp_kperp0-eps-converted-to.pdf, id=93, 867.24pt x 650
.43pt>
File: ./figs/fig3_B1.0_y_Hc0.3_zp_kperp0-eps-converted-to.pdf Graphic file (typ
e pdf)
<use ./figs/fig3_B1.0_y_Hc0.3_zp_kperp0-eps-converted-to.pdf>
Package pdftex.def Info: ./figs/fig3_B1.0_y_Hc0.3_zp_kperp0-eps-converted-to.pd
f  used on input line 559.
(pdftex.def)             Requested size: 229.49844pt x 172.115pt.
Package epstopdf Info: Source file: <./figs/fig3_B1.0_y_Hc0.9_zm_kperp0.eps>
(epstopdf)                    date: 2019-09-30 16:18:43
(epstopdf)                    size: 3588742 bytes
(epstopdf)             Output file: <./figs/fig3_B1.0_y_Hc0.9_zm_kperp0-eps-con
verted-to.pdf>
(epstopdf)                    date: 2019-11-08 12:48:27
(epstopdf)                    size: 41770 bytes
(epstopdf)             Command: <repstopdf --outfile=./figs/fig3_B1.0_y_Hc0.9_z
m_kperp0-eps-converted-to.pdf ./figs/fig3_B1.0_y_Hc0.9_zm_kperp0.eps>
(epstopdf)             \includegraphics on input line 560.
Package epstopdf Info: Output file is already uptodate.
<./figs/fig3_B1.0_y_Hc0.9_zm_kperp0-eps-converted-to.pdf, id=94, 867.24pt x 650
.43pt>
File: ./figs/fig3_B1.0_y_Hc0.9_zm_kperp0-eps-converted-to.pdf Graphic file (typ
e pdf)
<use ./figs/fig3_B1.0_y_Hc0.9_zm_kperp0-eps-converted-to.pdf>
Package pdftex.def Info: ./figs/fig3_B1.0_y_Hc0.9_zm_kperp0-eps-converted-to.pd
f  used on input line 560.
(pdftex.def)             Requested size: 229.49844pt x 172.115pt.
Package epstopdf Info: Source file: <./figs/fig3_B1.0_y_Hc0.9_zp_kperp0.eps>
(epstopdf)                    date: 2019-09-30 16:18:43
(epstopdf)                    size: 3588684 bytes
(epstopdf)             Output file: <./figs/fig3_B1.0_y_Hc0.9_zp_kperp0-eps-con
verted-to.pdf>
(epstopdf)                    date: 2019-11-08 12:48:30
(epstopdf)                    size: 73717 bytes
(epstopdf)             Command: <repstopdf --outfile=./figs/fig3_B1.0_y_Hc0.9_z
p_kperp0-eps-converted-to.pdf ./figs/fig3_B1.0_y_Hc0.9_zp_kperp0.eps>
(epstopdf)             \includegraphics on input line 561.
Package epstopdf Info: Output file is already uptodate.
<./figs/fig3_B1.0_y_Hc0.9_zp_kperp0-eps-converted-to.pdf, id=95, 867.24pt x 650
.43pt>
File: ./figs/fig3_B1.0_y_Hc0.9_zp_kperp0-eps-converted-to.pdf Graphic file (typ
e pdf)
<use ./figs/fig3_B1.0_y_Hc0.9_zp_kperp0-eps-converted-to.pdf>
Package pdftex.def Info: ./figs/fig3_B1.0_y_Hc0.9_zp_kperp0-eps-converted-to.pd
f  used on input line 561.
(pdftex.def)             Requested size: 229.49844pt x 172.115pt.
Package epstopdf Info: Source file: <./figs/fig3_B8.0_y_Hc0.0_zm_kperp0.eps>
(epstopdf)                    date: 2019-09-30 16:18:43
(epstopdf)                    size: 3508465 bytes
(epstopdf)             Output file: <./figs/fig3_B8.0_y_Hc0.0_zm_kperp0-eps-con
verted-to.pdf>
(epstopdf)                    date: 2019-11-08 12:48:32
(epstopdf)                    size: 39005 bytes
(epstopdf)             Command: <repstopdf --outfile=./figs/fig3_B8.0_y_Hc0.0_z
m_kperp0-eps-converted-to.pdf ./figs/fig3_B8.0_y_Hc0.0_zm_kperp0.eps>
(epstopdf)             \includegraphics on input line 583.
Package epstopdf Info: Output file is already uptodate.
<./figs/fig3_B8.0_y_Hc0.0_zm_kperp0-eps-converted-to.pdf, id=96, 867.24pt x 650
.43pt>
File: ./figs/fig3_B8.0_y_Hc0.0_zm_kperp0-eps-converted-to.pdf Graphic file (typ
e pdf)
<use ./figs/fig3_B8.0_y_Hc0.0_zm_kperp0-eps-converted-to.pdf>
Package pdftex.def Info: ./figs/fig3_B8.0_y_Hc0.0_zm_kperp0-eps-converted-to.pd
f  used on input line 583.
(pdftex.def)             Requested size: 229.49844pt x 172.115pt.
Package epstopdf Info: Source file: <./figs/fig3_B8.0_y_Hc0.0_zp_kperp0.eps>
(epstopdf)                    date: 2019-09-30 16:18:43
(epstopdf)                    size: 3508407 bytes
(epstopdf)             Output file: <./figs/fig3_B8.0_y_Hc0.0_zp_kperp0-eps-con
verted-to.pdf>
(epstopdf)                    date: 2019-11-08 12:48:35
(epstopdf)                    size: 28991 bytes
(epstopdf)             Command: <repstopdf --outfile=./figs/fig3_B8.0_y_Hc0.0_z
p_kperp0-eps-converted-to.pdf ./figs/fig3_B8.0_y_Hc0.0_zp_kperp0.eps>
(epstopdf)             \includegraphics on input line 584.
Package epstopdf Info: Output file is already uptodate.
<./figs/fig3_B8.0_y_Hc0.0_zp_kperp0-eps-converted-to.pdf, id=97, 867.24pt x 650
.43pt>
File: ./figs/fig3_B8.0_y_Hc0.0_zp_kperp0-eps-converted-to.pdf Graphic file (typ
e pdf)
<use ./figs/fig3_B8.0_y_Hc0.0_zp_kperp0-eps-converted-to.pdf>
Package pdftex.def Info: ./figs/fig3_B8.0_y_Hc0.0_zp_kperp0-eps-converted-to.pd
f  used on input line 584.
(pdftex.def)             Requested size: 229.49844pt x 172.115pt.
Package epstopdf Info: Source file: <./figs/fig3_B8.0_y_Hc0.3_zm_kperp0.eps>
(epstopdf)                    date: 2019-09-30 16:18:43
(epstopdf)                    size: 3508461 bytes
(epstopdf)             Output file: <./figs/fig3_B8.0_y_Hc0.3_zm_kperp0-eps-con
verted-to.pdf>
(epstopdf)                    date: 2019-11-08 12:48:38
(epstopdf)                    size: 23911 bytes
(epstopdf)             Command: <repstopdf --outfile=./figs/fig3_B8.0_y_Hc0.3_z
m_kperp0-eps-converted-to.pdf ./figs/fig3_B8.0_y_Hc0.3_zm_kperp0.eps>
(epstopdf)             \includegraphics on input line 585.
Package epstopdf Info: Output file is already uptodate.
<./figs/fig3_B8.0_y_Hc0.3_zm_kperp0-eps-converted-to.pdf, id=98, 867.24pt x 650
.43pt>
File: ./figs/fig3_B8.0_y_Hc0.3_zm_kperp0-eps-converted-to.pdf Graphic file (typ
e pdf)
<use ./figs/fig3_B8.0_y_Hc0.3_zm_kperp0-eps-converted-to.pdf>
Package pdftex.def Info: ./figs/fig3_B8.0_y_Hc0.3_zm_kperp0-eps-converted-to.pd
f  used on input line 585.
(pdftex.def)             Requested size: 229.49844pt x 172.115pt.
Package epstopdf Info: Source file: <./figs/fig3_B8.0_y_Hc0.3_zp_kperp0.eps>
(epstopdf)                    date: 2019-09-30 16:18:43
(epstopdf)                    size: 3508401 bytes
(epstopdf)             Output file: <./figs/fig3_B8.0_y_Hc0.3_zp_kperp0-eps-con
verted-to.pdf>
(epstopdf)                    date: 2019-11-08 12:48:40
(epstopdf)                    size: 35111 bytes
(epstopdf)             Command: <repstopdf --outfile=./figs/fig3_B8.0_y_Hc0.3_z
p_kperp0-eps-converted-to.pdf ./figs/fig3_B8.0_y_Hc0.3_zp_kperp0.eps>
(epstopdf)             \includegraphics on input line 586.
Package epstopdf Info: Output file is already uptodate.
<./figs/fig3_B8.0_y_Hc0.3_zp_kperp0-eps-converted-to.pdf, id=99, 867.24pt x 650
.43pt>
File: ./figs/fig3_B8.0_y_Hc0.3_zp_kperp0-eps-converted-to.pdf Graphic file (typ
e pdf)
<use ./figs/fig3_B8.0_y_Hc0.3_zp_kperp0-eps-converted-to.pdf>
Package pdftex.def Info: ./figs/fig3_B8.0_y_Hc0.3_zp_kperp0-eps-converted-to.pd
f  used on input line 586.
(pdftex.def)             Requested size: 229.49844pt x 172.115pt.
Package epstopdf Info: Source file: <./figs/fig3_B8.0_y_Hc0.9_zm_kperp0.eps>
(epstopdf)                    date: 2019-09-30 16:18:43
(epstopdf)                    size: 3510424 bytes
(epstopdf)             Output file: <./figs/fig3_B8.0_y_Hc0.9_zm_kperp0-eps-con
verted-to.pdf>
(epstopdf)                    date: 2019-11-08 12:48:43
(epstopdf)                    size: 20785 bytes
(epstopdf)             Command: <repstopdf --outfile=./figs/fig3_B8.0_y_Hc0.9_z
m_kperp0-eps-converted-to.pdf ./figs/fig3_B8.0_y_Hc0.9_zm_kperp0.eps>
(epstopdf)             \includegraphics on input line 587.
Package epstopdf Info: Output file is already uptodate.
<./figs/fig3_B8.0_y_Hc0.9_zm_kperp0-eps-converted-to.pdf, id=100, 867.24pt x 65
0.43pt>
File: ./figs/fig3_B8.0_y_Hc0.9_zm_kperp0-eps-converted-to.pdf Graphic file (typ
e pdf)
<use ./figs/fig3_B8.0_y_Hc0.9_zm_kperp0-eps-converted-to.pdf>
Package pdftex.def Info: ./figs/fig3_B8.0_y_Hc0.9_zm_kperp0-eps-converted-to.pd
f  used on input line 587.
(pdftex.def)             Requested size: 229.49844pt x 172.115pt.
Package epstopdf Info: Source file: <./figs/fig3_B8.0_y_Hc0.9_zp_kperp0.eps>
(epstopdf)                    date: 2019-09-30 16:18:43
(epstopdf)                    size: 3510366 bytes
(epstopdf)             Output file: <./figs/fig3_B8.0_y_Hc0.9_zp_kperp0-eps-con
verted-to.pdf>
(epstopdf)                    date: 2019-11-08 12:48:45
(epstopdf)                    size: 54440 bytes
(epstopdf)             Command: <repstopdf --outfile=./figs/fig3_B8.0_y_Hc0.9_z
p_kperp0-eps-converted-to.pdf ./figs/fig3_B8.0_y_Hc0.9_zp_kperp0.eps>
(epstopdf)             \includegraphics on input line 588.
Package epstopdf Info: Output file is already uptodate.
<./figs/fig3_B8.0_y_Hc0.9_zp_kperp0-eps-converted-to.pdf, id=101, 867.24pt x 65
0.43pt>
File: ./figs/fig3_B8.0_y_Hc0.9_zp_kperp0-eps-converted-to.pdf Graphic file (typ
e pdf)
<use ./figs/fig3_B8.0_y_Hc0.9_zp_kperp0-eps-converted-to.pdf>
Package pdftex.def Info: ./figs/fig3_B8.0_y_Hc0.9_zp_kperp0-eps-converted-to.pd
f  used on input line 588.
(pdftex.def)             Requested size: 229.49844pt x 172.115pt.
 [4] [5 <./figs/fig2_B0_Hc03-eps-converted-to.pdf> <./figs/fig2_B1_Hc03-eps-con
verted-to.pdf> <./figs/fig2_B4_Hc03-eps-converted-to.pdf> <./figs/fig2_B8_Hc03-
eps-converted-to.pdf>]
Package epstopdf Info: Source file: <./figs/fig5_B1_Hc03_zmz_kpara_10.eps>
(epstopdf)                    date: 2019-09-30 16:18:43
(epstopdf)                    size: 24723 bytes
(epstopdf)             Output file: <./figs/fig5_B1_Hc03_zmz_kpara_10-eps-conve
rted-to.pdf>
(epstopdf)                    date: 2019-11-08 12:48:46
(epstopdf)                    size: 10495 bytes
(epstopdf)             Command: <repstopdf --outfile=./figs/fig5_B1_Hc03_zmz_kp
ara_10-eps-converted-to.pdf ./figs/fig5_B1_Hc03_zmz_kpara_10.eps>
(epstopdf)             \includegraphics on input line 693.
Package epstopdf Info: Output file is already uptodate.
<./figs/fig5_B1_Hc03_zmz_kpara_10-eps-converted-to.pdf, id=124, 867.24pt x 650.
43pt>
File: ./figs/fig5_B1_Hc03_zmz_kpara_10-eps-converted-to.pdf Graphic file (type 
pdf)
<use ./figs/fig5_B1_Hc03_zmz_kpara_10-eps-converted-to.pdf>
Package pdftex.def Info: ./figs/fig5_B1_Hc03_zmz_kpara_10-eps-converted-to.pdf 
 used on input line 693.
(pdftex.def)             Requested size: 233.69925pt x 175.27107pt.
Package epstopdf Info: Source file: <./figs/fig5_B1_Hc03_zpz_kpara_10.eps>
(epstopdf)                    date: 2019-09-30 16:18:43
(epstopdf)                    size: 24710 bytes
(epstopdf)             Output file: <./figs/fig5_B1_Hc03_zpz_kpara_10-eps-conve
rted-to.pdf>
(epstopdf)                    date: 2019-11-08 12:48:46
(epstopdf)                    size: 10478 bytes
(epstopdf)             Command: <repstopdf --outfile=./figs/fig5_B1_Hc03_zpz_kp
ara_10-eps-converted-to.pdf ./figs/fig5_B1_Hc03_zpz_kpara_10.eps>
(epstopdf)             \includegraphics on input line 694.
Package epstopdf Info: Output file is already uptodate.
<./figs/fig5_B1_Hc03_zpz_kpara_10-eps-converted-to.pdf, id=125, 867.24pt x 650.
43pt>
File: ./figs/fig5_B1_Hc03_zpz_kpara_10-eps-converted-to.pdf Graphic file (type 
pdf)
<use ./figs/fig5_B1_Hc03_zpz_kpara_10-eps-converted-to.pdf>
Package pdftex.def Info: ./figs/fig5_B1_Hc03_zpz_kpara_10-eps-converted-to.pdf 
 used on input line 694.
(pdftex.def)             Requested size: 233.69925pt x 175.27107pt.
 [6 <./figs/fig3_B0.0_y_Hc0.3_zm_kperp0-eps-converted-to.pdf> <./figs/fig3_B0.0
_y_Hc0.3_zp_kperp0-eps-converted-to.pdf> <./figs/fig3_B0.0_y_Hc0.9_zm_kperp0-ep
s-converted-to.pdf> <./figs/fig3_B0.0_y_Hc0.9_zp_kperp0-eps-converted-to.pdf>] 
[7 <./figs/fig3_B0.25_y_Hc0.0_zm_kperp0-eps-converted-to.pdf> <./figs/fig3_B0.2
5_y_Hc0.0_zp_kperp0-eps-converted-to.pdf> <./figs/fig3_B0.25_y_Hc0.3_zm_kperp0-
eps-converted-to.pdf> <./figs/fig3_B0.25_y_Hc0.3_zp_kperp0-eps-converted-to.pdf
> <./figs/fig3_B0.25_y_Hc0.9_zm_kperp0-eps-converted-to.pdf> <./figs/fig3_B0.25
_y_Hc0.9_zp_kperp0-eps-converted-to.pdf>]

LaTeX Warning: A float is stuck (cannot be placed) on input line 718.

[8 <./figs/fig3_B1.0_y_Hc0.0_zm_kperp0-eps-converted-to.pdf> <./figs/fig3_B1.0_
y_Hc0.0_zp_kperp0-eps-converted-to.pdf> <./figs/fig3_B1.0_y_Hc0.3_zm_kperp0-eps
-converted-to.pdf> <./figs/fig3_B1.0_y_Hc0.3_zp_kperp0-eps-converted-to.pdf> <.
/figs/fig3_B1.0_y_Hc0.9_zm_kperp0-eps-converted-to.pdf> <./figs/fig3_B1.0_y_Hc0
.9_zp_kperp0-eps-converted-to.pdf>]

LaTeX Warning: A float is stuck (cannot be placed) on input line 718.


Class revtex4-1 Warning: Deferred float stuck during \clearpage processing.

[9 <./figs/fig3_B8.0_y_Hc0.0_zm_kperp0-eps-converted-to.pdf> <./figs/fig3_B8.0_
y_Hc0.0_zp_kperp0-eps-converted-to.pdf> <./figs/fig3_B8.0_y_Hc0.3_zm_kperp0-eps
-converted-to.pdf> <./figs/fig3_B8.0_y_Hc0.3_zp_kperp0-eps-converted-to.pdf> <.
/figs/fig3_B8.0_y_Hc0.9_zm_kperp0-eps-converted-to.pdf> <./figs/fig3_B8.0_y_Hc0
.9_zp_kperp0-eps-converted-to.pdf>]

LaTeX Warning: A float is stuck (cannot be placed) on input line 718.


LaTeX Warning: A float is stuck (cannot be placed) on input line 718.


Class revtex4-1 Warning: Deferred float stuck during \clearpage processing.

Package epstopdf Info: Source file: <./figs/fig5_B025_Hc03_zpz_kpara_15.eps>
(epstopdf)                    date: 2019-09-30 16:18:43
(epstopdf)                    size: 25057 bytes
(epstopdf)             Output file: <./figs/fig5_B025_Hc03_zpz_kpara_15-eps-con
verted-to.pdf>
(epstopdf)                    date: 2019-11-08 12:48:46
(epstopdf)                    size: 10523 bytes
(epstopdf)             Command: <repstopdf --outfile=./figs/fig5_B025_Hc03_zpz_
kpara_15-eps-converted-to.pdf ./figs/fig5_B025_Hc03_zpz_kpara_15.eps>
(epstopdf)             \includegraphics on input line 793.
Package epstopdf Info: Output file is already uptodate.
<./figs/fig5_B025_Hc03_zpz_kpara_15-eps-converted-to.pdf, id=732, 867.24pt x 65
0.43pt>
File: ./figs/fig5_B025_Hc03_zpz_kpara_15-eps-converted-to.pdf Graphic file (typ
e pdf)
<use ./figs/fig5_B025_Hc03_zpz_kpara_15-eps-converted-to.pdf>
Package pdftex.def Info: ./figs/fig5_B025_Hc03_zpz_kpara_15-eps-converted-to.pd
f  used on input line 793.
(pdftex.def)             Requested size: 221.3985pt x 166.04106pt.
Package epstopdf Info: Source file: <./figs/fig5_B1_Hc03_zpz_kpara_15.eps>
(epstopdf)                    date: 2019-09-30 16:18:43
(epstopdf)                    size: 24846 bytes
(epstopdf)             Output file: <./figs/fig5_B1_Hc03_zpz_kpara_15-eps-conve
rted-to.pdf>
(epstopdf)                    date: 2019-11-08 12:48:47
(epstopdf)                    size: 10555 bytes
(epstopdf)             Command: <repstopdf --outfile=./figs/fig5_B1_Hc03_zpz_kp
ara_15-eps-converted-to.pdf ./figs/fig5_B1_Hc03_zpz_kpara_15.eps>
(epstopdf)             \includegraphics on input line 794.
Package epstopdf Info: Output file is already uptodate.
<./figs/fig5_B1_Hc03_zpz_kpara_15-eps-converted-to.pdf, id=733, 867.24pt x 650.
43pt>
File: ./figs/fig5_B1_Hc03_zpz_kpara_15-eps-converted-to.pdf Graphic file (type 
pdf)
<use ./figs/fig5_B1_Hc03_zpz_kpara_15-eps-converted-to.pdf>
Package pdftex.def Info: ./figs/fig5_B1_Hc03_zpz_kpara_15-eps-converted-to.pdf 
 used on input line 794.
(pdftex.def)             Requested size: 221.3985pt x 166.04106pt.
Package epstopdf Info: Source file: <./figs/fig5_B4_Hc03_zpz_kpara_15.eps>
(epstopdf)                    date: 2019-09-30 16:18:43
(epstopdf)                    size: 24786 bytes
(epstopdf)             Output file: <./figs/fig5_B4_Hc03_zpz_kpara_15-eps-conve
rted-to.pdf>
(epstopdf)                    date: 2019-11-08 12:48:47
(epstopdf)                    size: 10480 bytes
(epstopdf)             Command: <repstopdf --outfile=./figs/fig5_B4_Hc03_zpz_kp
ara_15-eps-converted-to.pdf ./figs/fig5_B4_Hc03_zpz_kpara_15.eps>
(epstopdf)             \includegraphics on input line 795.
Package epstopdf Info: Output file is already uptodate.
<./figs/fig5_B4_Hc03_zpz_kpara_15-eps-converted-to.pdf, id=734, 867.24pt x 650.
43pt>
File: ./figs/fig5_B4_Hc03_zpz_kpara_15-eps-converted-to.pdf Graphic file (type 
pdf)
<use ./figs/fig5_B4_Hc03_zpz_kpara_15-eps-converted-to.pdf>
Package pdftex.def Info: ./figs/fig5_B4_Hc03_zpz_kpara_15-eps-converted-to.pdf 
 used on input line 795.
(pdftex.def)             Requested size: 221.3985pt x 166.04106pt.
Package epstopdf Info: Source file: <./figs/fig5_B8_Hc03_zpz_kpara_15.eps>
(epstopdf)                    date: 2019-09-30 16:18:43
(epstopdf)                    size: 25810 bytes
(epstopdf)             Output file: <./figs/fig5_B8_Hc03_zpz_kpara_15-eps-conve
rted-to.pdf>
(epstopdf)                    date: 2019-11-08 12:48:47
(epstopdf)                    size: 10542 bytes
(epstopdf)             Command: <repstopdf --outfile=./figs/fig5_B8_Hc03_zpz_kp
ara_15-eps-converted-to.pdf ./figs/fig5_B8_Hc03_zpz_kpara_15.eps>
(epstopdf)             \includegraphics on input line 796.
Package epstopdf Info: Output file is already uptodate.
<./figs/fig5_B8_Hc03_zpz_kpara_15-eps-converted-to.pdf, id=735, 867.24pt x 650.
43pt>
File: ./figs/fig5_B8_Hc03_zpz_kpara_15-eps-converted-to.pdf Graphic file (type 
pdf)
<use ./figs/fig5_B8_Hc03_zpz_kpara_15-eps-converted-to.pdf>
Package pdftex.def Info: ./figs/fig5_B8_Hc03_zpz_kpara_15-eps-converted-to.pdf 
 used on input line 796.
(pdftex.def)             Requested size: 221.3985pt x 166.04106pt.
[10 <./figs/fig5_B1_Hc03_zmz_kpara_10-eps-converted-to.pdf> <./figs/fig5_B1_Hc0
3_zpz_kpara_10-eps-converted-to.pdf>]
Package epstopdf Info: Source file: <./figs/fig5_B025_Hc03_zpz_kperp_15.eps>
(epstopdf)                    date: 2019-09-30 16:18:43
(epstopdf)                    size: 27214 bytes
(epstopdf)             Output file: <./figs/fig5_B025_Hc03_zpz_kperp_15-eps-con
verted-to.pdf>
(epstopdf)                    date: 2019-11-08 12:48:48
(epstopdf)                    size: 10702 bytes
(epstopdf)             Command: <repstopdf --outfile=./figs/fig5_B025_Hc03_zpz_
kperp_15-eps-converted-to.pdf ./figs/fig5_B025_Hc03_zpz_kperp_15.eps>
(epstopdf)             \includegraphics on input line 808.
Package epstopdf Info: Output file is already uptodate.
<./figs/fig5_B025_Hc03_zpz_kperp_15-eps-converted-to.pdf, id=787, 867.24pt x 65
0.43pt>
File: ./figs/fig5_B025_Hc03_zpz_kperp_15-eps-converted-to.pdf Graphic file (typ
e pdf)
<use ./figs/fig5_B025_Hc03_zpz_kperp_15-eps-converted-to.pdf>
Package pdftex.def Info: ./figs/fig5_B025_Hc03_zpz_kperp_15-eps-converted-to.pd
f  used on input line 808.
(pdftex.def)             Requested size: 221.3985pt x 166.04106pt.
Package epstopdf Info: Source file: <./figs/fig5_B1_Hc03_zpz_kperp_15.eps>
(epstopdf)                    date: 2019-09-30 16:18:43
(epstopdf)                    size: 27075 bytes
(epstopdf)             Output file: <./figs/fig5_B1_Hc03_zpz_kperp_15-eps-conve
rted-to.pdf>
(epstopdf)                    date: 2019-11-08 12:48:48
(epstopdf)                    size: 10592 bytes
(epstopdf)             Command: <repstopdf --outfile=./figs/fig5_B1_Hc03_zpz_kp
erp_15-eps-converted-to.pdf ./figs/fig5_B1_Hc03_zpz_kperp_15.eps>
(epstopdf)             \includegraphics on input line 809.
Package epstopdf Info: Output file is already uptodate.
<./figs/fig5_B1_Hc03_zpz_kperp_15-eps-converted-to.pdf, id=788, 867.24pt x 650.
43pt>
File: ./figs/fig5_B1_Hc03_zpz_kperp_15-eps-converted-to.pdf Graphic file (type 
pdf)
<use ./figs/fig5_B1_Hc03_zpz_kperp_15-eps-converted-to.pdf>
Package pdftex.def Info: ./figs/fig5_B1_Hc03_zpz_kperp_15-eps-converted-to.pdf 
 used on input line 809.
(pdftex.def)             Requested size: 221.3985pt x 166.04106pt.
Package epstopdf Info: Source file: <./figs/fig5_B4_Hc03_zpz_kperp_15.eps>
(epstopdf)                    date: 2019-09-30 16:18:43
(epstopdf)                    size: 25042 bytes
(epstopdf)             Output file: <./figs/fig5_B4_Hc03_zpz_kperp_15-eps-conve
rted-to.pdf>
(epstopdf)                    date: 2019-11-08 12:48:48
(epstopdf)                    size: 10180 bytes
(epstopdf)             Command: <repstopdf --outfile=./figs/fig5_B4_Hc03_zpz_kp
erp_15-eps-converted-to.pdf ./figs/fig5_B4_Hc03_zpz_kperp_15.eps>
(epstopdf)             \includegraphics on input line 810.
Package epstopdf Info: Output file is already uptodate.
<./figs/fig5_B4_Hc03_zpz_kperp_15-eps-converted-to.pdf, id=789, 867.24pt x 650.
43pt>
File: ./figs/fig5_B4_Hc03_zpz_kperp_15-eps-converted-to.pdf Graphic file (type 
pdf)
<use ./figs/fig5_B4_Hc03_zpz_kperp_15-eps-converted-to.pdf>
Package pdftex.def Info: ./figs/fig5_B4_Hc03_zpz_kperp_15-eps-converted-to.pdf 
 used on input line 810.
(pdftex.def)             Requested size: 221.3985pt x 166.04106pt.
Package epstopdf Info: Source file: <./figs/fig5_B8_Hc03_zpz_kperp_15.eps>
(epstopdf)                    date: 2019-09-30 16:18:43
(epstopdf)                    size: 26220 bytes
(epstopdf)             Output file: <./figs/fig5_B8_Hc03_zpz_kperp_15-eps-conve
rted-to.pdf>
(epstopdf)                    date: 2019-11-08 12:48:49
(epstopdf)                    size: 10687 bytes
(epstopdf)             Command: <repstopdf --outfile=./figs/fig5_B8_Hc03_zpz_kp
erp_15-eps-converted-to.pdf ./figs/fig5_B8_Hc03_zpz_kperp_15.eps>
(epstopdf)             \includegraphics on input line 811.
Package epstopdf Info: Output file is already uptodate.
<./figs/fig5_B8_Hc03_zpz_kperp_15-eps-converted-to.pdf, id=790, 867.24pt x 650.
43pt>
File: ./figs/fig5_B8_Hc03_zpz_kperp_15-eps-converted-to.pdf Graphic file (type 
pdf)
<use ./figs/fig5_B8_Hc03_zpz_kperp_15-eps-converted-to.pdf>
Package pdftex.def Info: ./figs/fig5_B8_Hc03_zpz_kperp_15-eps-converted-to.pdf 
 used on input line 811.
(pdftex.def)             Requested size: 221.3985pt x 166.04106pt.
Package epstopdf Info: Source file: <./figs/fig5_B1_Hc00_zpz_kperp_40.eps>
(epstopdf)                    date: 2019-09-30 16:18:43
(epstopdf)                    size: 26989 bytes
(epstopdf)             Output file: <./figs/fig5_B1_Hc00_zpz_kperp_40-eps-conve
rted-to.pdf>
(epstopdf)                    date: 2019-11-08 12:48:49
(epstopdf)                    size: 10689 bytes
(epstopdf)             Command: <repstopdf --outfile=./figs/fig5_B1_Hc00_zpz_kp
erp_40-eps-converted-to.pdf ./figs/fig5_B1_Hc00_zpz_kperp_40.eps>
(epstopdf)             \includegraphics on input line 823.
Package epstopdf Info: Output file is already uptodate.
<./figs/fig5_B1_Hc00_zpz_kperp_40-eps-converted-to.pdf, id=791, 867.24pt x 650.
43pt>
File: ./figs/fig5_B1_Hc00_zpz_kperp_40-eps-converted-to.pdf Graphic file (type 
pdf)
<use ./figs/fig5_B1_Hc00_zpz_kperp_40-eps-converted-to.pdf>
Package pdftex.def Info: ./figs/fig5_B1_Hc00_zpz_kperp_40-eps-converted-to.pdf 
 used on input line 823.
(pdftex.def)             Requested size: 233.69925pt x 175.27107pt.
Package epstopdf Info: Source file: <./figs/fig5_B1_Hc03_zpz_kperp_40.eps>
(epstopdf)                    date: 2019-09-30 16:18:43
(epstopdf)                    size: 26839 bytes
(epstopdf)             Output file: <./figs/fig5_B1_Hc03_zpz_kperp_40-eps-conve
rted-to.pdf>
(epstopdf)                    date: 2019-11-08 12:48:49
(epstopdf)                    size: 10574 bytes
(epstopdf)             Command: <repstopdf --outfile=./figs/fig5_B1_Hc03_zpz_kp
erp_40-eps-converted-to.pdf ./figs/fig5_B1_Hc03_zpz_kperp_40.eps>
(epstopdf)             \includegraphics on input line 824.
Package epstopdf Info: Output file is already uptodate.
<./figs/fig5_B1_Hc03_zpz_kperp_40-eps-converted-to.pdf, id=792, 867.24pt x 650.
43pt>
File: ./figs/fig5_B1_Hc03_zpz_kperp_40-eps-converted-to.pdf Graphic file (type 
pdf)
<use ./figs/fig5_B1_Hc03_zpz_kperp_40-eps-converted-to.pdf>
Package pdftex.def Info: ./figs/fig5_B1_Hc03_zpz_kperp_40-eps-converted-to.pdf 
 used on input line 824.
(pdftex.def)             Requested size: 233.69925pt x 175.27107pt.
Package epstopdf Info: Source file: <./figs/fig5_B1_Hc09_zpz_kperp_40.eps>
(epstopdf)                    date: 2019-09-30 16:18:43
(epstopdf)                    size: 26380 bytes
(epstopdf)             Output file: <./figs/fig5_B1_Hc09_zpz_kperp_40-eps-conve
rted-to.pdf>
(epstopdf)                    date: 2019-11-08 12:48:50
(epstopdf)                    size: 10401 bytes
(epstopdf)             Command: <repstopdf --outfile=./figs/fig5_B1_Hc09_zpz_kp
erp_40-eps-converted-to.pdf ./figs/fig5_B1_Hc09_zpz_kperp_40.eps>
(epstopdf)             \includegraphics on input line 825.
Package epstopdf Info: Output file is already uptodate.
<./figs/fig5_B1_Hc09_zpz_kperp_40-eps-converted-to.pdf, id=793, 867.24pt x 650.
43pt>
File: ./figs/fig5_B1_Hc09_zpz_kperp_40-eps-converted-to.pdf Graphic file (type 
pdf)
<use ./figs/fig5_B1_Hc09_zpz_kperp_40-eps-converted-to.pdf>
Package pdftex.def Info: ./figs/fig5_B1_Hc09_zpz_kperp_40-eps-converted-to.pdf 
 used on input line 825.
(pdftex.def)             Requested size: 233.69925pt x 175.27107pt.
 [11] [12 <./figs/fig5_B025_Hc03_zpz_kpara_15-eps-converted-to.pdf> <./figs/fig
5_B1_Hc03_zpz_kpara_15-eps-converted-to.pdf> <./figs/fig5_B4_Hc03_zpz_kpara_15-
eps-converted-to.pdf> <./figs/fig5_B8_Hc03_zpz_kpara_15-eps-converted-to.pdf>] 
[13 <./figs/fig5_B025_Hc03_zpz_kperp_15-eps-converted-to.pdf> <./figs/fig5_B1_H
c03_zpz_kperp_15-eps-converted-to.pdf> <./figs/fig5_B4_Hc03_zpz_kperp_15-eps-co
nverted-to.pdf> <./figs/fig5_B8_Hc03_zpz_kperp_15-eps-converted-to.pdf>]

LaTeX Warning: A float is stuck (cannot be placed) on input line 1059.


LaTeX Warning: A float is stuck (cannot be placed) on input line 1059.


Class revtex4-1 Warning: Deferred float stuck during \clearpage processing.

[14 <./figs/fig5_B1_Hc00_zpz_kperp_40-eps-converted-to.pdf> <./figs/fig5_B1_Hc0
3_zpz_kperp_40-eps-converted-to.pdf> <./figs/fig5_B1_Hc09_zpz_kperp_40-eps-conv
erted-to.pdf>]
Underfull \hbox (badness 10000) in paragraph at lines 1182--1186
[]\OT1/cmr/m/n/10 RL, PD and PM ac-knowl-edge sup-port
 []


Underfull \hbox (badness 10000) in paragraph at lines 1182--1186
\OT1/cmr/m/n/10 from PICT Grant No. 2015-3530, PIP Grant
 []


Underfull \hbox (badness 10000) in paragraph at lines 1182--1186
\OT1/cmr/m/n/10 No. 11220150100324CO, and UBA-CyT Grant
 []

(./paper2.bbl [15]
Underfull \hbox (badness 2096) in paragraph at lines 243--246
 []\OT1/cmr/m/n/8 J. V. She-balin, W. H. Matthaeus, and D. Mont-gomery.
 []

) [16] (./paper2.aux) ) 
Here is how much of TeX's memory you used:
 7049 strings out of 492609
 118737 string characters out of 6131461
 233681 words of memory out of 5000000
 10840 multiletter control sequences out of 15000+600000
 14987 words of font info for 56 fonts, out of 8000000 for 9000
 1141 hyphenation exceptions out of 8191
 41i,23n,35p,1226b,362s stack positions out of 5000i,500n,10000p,200000b,80000s
</usr/share/texlive/texmf-dist/fonts/type1/public/amsfon
ts/cm/cmbx10.pfb></usr/share/texlive/texmf-dist/fonts/type1/public/amsfonts/cm/
cmbx7.pfb></usr/share/texlive/texmf-dist/fonts/type1/public/amsfonts/cm/cmbx8.p
fb></usr/share/texlive/texmf-dist/fonts/type1/public/amsfonts/cm/cmbx9.pfb></us
r/share/texlive/texmf-dist/fonts/type1/public/amsfonts/cm/cmex10.pfb></usr/shar
e/texlive/texmf-dist/fonts/type1/public/amsfonts/cm/cmmi10.pfb></usr/share/texl
ive/texmf-dist/fonts/type1/public/amsfonts/cm/cmmi5.pfb></usr/share/texlive/tex
mf-dist/fonts/type1/public/amsfonts/cm/cmmi6.pfb></usr/share/texlive/texmf-dist
/fonts/type1/public/amsfonts/cm/cmmi7.pfb></usr/share/texlive/texmf-dist/fonts/
type1/public/amsfonts/cm/cmmi8.pfb></usr/share/texlive/texmf-dist/fonts/type1/p
ublic/amsfonts/cm/cmmi9.pfb></usr/share/texlive/texmf-dist/fonts/type1/public/a
msfonts/cm/cmr10.pfb></usr/share/texlive/texmf-dist/fonts/type1/public/amsfonts
/cm/cmr5.pfb></usr/share/texlive/texmf-dist/fonts/type1/public/amsfonts/cm/cmr6
.pfb></usr/share/texlive/texmf-dist/fonts/type1/public/amsfonts/cm/cmr7.pfb></u
sr/share/texlive/texmf-dist/fonts/type1/public/amsfonts/cm/cmr8.pfb></usr/share
/texlive/texmf-dist/fonts/type1/public/amsfonts/cm/cmr9.pfb></usr/share/texlive
/texmf-dist/fonts/type1/public/amsfonts/cm/cmss10.pfb></usr/share/texlive/texmf
-dist/fonts/type1/public/amsfonts/cm/cmss8.pfb></usr/share/texlive/texmf-dist/f
onts/type1/public/amsfonts/cm/cmssbx10.pfb></usr/share/texlive/texmf-dist/fonts
/type1/public/amsfonts/cm/cmsy10.pfb></usr/share/texlive/texmf-dist/fonts/type1
/public/amsfonts/cm/cmsy5.pfb></usr/share/texlive/texmf-dist/fonts/type1/public
/amsfonts/cm/cmsy6.pfb></usr/share/texlive/texmf-dist/fonts/type1/public/amsfon
ts/cm/cmsy7.pfb></usr/share/texlive/texmf-dist/fonts/type1/public/amsfonts/cm/c
msy9.pfb></usr/share/texlive/texmf-dist/fonts/type1/public/amsfonts/cm/cmti10.p
fb></usr/share/texlive/texmf-dist/fonts/type1/public/amsfonts/cm/cmti8.pfb></us
r/share/texlive/texmf-dist/fonts/type1/public/amsfonts/cm/cmti9.pfb></usr/share
/texlive/texmf-dist/fonts/type1/public/amsfonts/symbols/msam10.pfb>
Output written on paper2.pdf (16 pages, 2115489 bytes).
PDF statistics:
 1173 PDF objects out of 1200 (max. 8388607)
 466 compressed objects within 5 object streams
 0 named destinations out of 1000 (max. 500000)
 201 words of extra memory for PDF output out of 10000 (max. 10000000)

